<?xml version="1.0" encoding="utf-8"?>
<CoverageSession xmlns:xsd="http://www.w3.org/2001/XMLSchema" xmlns:xsi="http://www.w3.org/2001/XMLSchema-instance" Version="4.6.0.0">
  <Summary numSequencePoints="239" visitedSequencePoints="180" numBranchPoints="54" visitedBranchPoints="36" sequenceCoverage="75.31" branchCoverage="66.67" maxCyclomaticComplexity="12" minCyclomaticComplexity="1" maxCrapScore="156" minCrapScore="1" visitedClasses="7" numClasses="9" visitedMethods="28" numMethods="38" />
  <Modules>
    <Module hash="E6-ED-AA-1B-53-92-30-74-00-2A-87-9F-9E-DB-D0-6B-34-3D-FA-E4">
      <Summary numSequencePoints="78" visitedSequencePoints="75" numBranchPoints="8" visitedBranchPoints="8" sequenceCoverage="96.15" branchCoverage="100" maxCyclomaticComplexity="1" minCyclomaticComplexity="1" maxCrapScore="2" minCrapScore="1" visitedClasses="1" numClasses="1" visitedMethods="8" numMethods="8" />
      <ModulePath>C:\Bootcamp\ChatBot_CaseStudy\BusinessLayerTest\bin\Debug\BusinessLayerTest.dll</ModulePath>
      <ModuleTime>2019-08-21T06:58:13.7260452Z</ModuleTime>
      <ModuleName>BusinessLayerTest</ModuleName>
      <Files>
        <File uid="1" fullPath="C:\Bootcamp\ChatBot_CaseStudy\BusinessLayerTest\BusinessLayerTest.cs" />
      </Files>
      <Classes>
        <Class>
          <Summary numSequencePoints="78" visitedSequencePoints="75" numBranchPoints="8" visitedBranchPoints="8" sequenceCoverage="96.15" branchCoverage="100" maxCyclomaticComplexity="1" minCyclomaticComplexity="1" maxCrapScore="2" minCrapScore="1" visitedClasses="1" numClasses="1" visitedMethods="8" numMethods="8" />
          <FullName>BusinessLayerTest.BusinessLayerTest</FullName>
          <Methods>
            <Method visited="true" cyclomaticComplexity="1" nPathComplexity="0" sequenceCoverage="100" branchCoverage="100" crapScore="1" isConstructor="false" isStatic="false" isGetter="false" isSetter="false">
              <Summary numSequencePoints="11" visitedSequencePoints="11" numBranchPoints="1" visitedBranchPoints="1" sequenceCoverage="100" branchCoverage="100" maxCyclomaticComplexity="1" minCyclomaticComplexity="1" maxCrapScore="1" minCrapScore="1" visitedClasses="0" numClasses="0" visitedMethods="1" numMethods="1" />
              <MetadataToken>100663297</MetadataToken>
              <Name>System.Void BusinessLayerTest.BusinessLayerTest::TestExtractKeyword()</Name>
              <FileRef uid="1" />
              <SequencePoints>
                <SequencePoint vc="1" uspid="1" ordinal="0" offset="0" sl="18" sc="9" el="18" ec="10" bec="0" bev="0" fileid="1">
                  <TrackedMethodRefs>
                    <TrackedMethodRef uid="1" vc="1" />
                  </TrackedMethodRefs>
                </SequencePoint>
                <SequencePoint vc="1" uspid="2" ordinal="1" offset="1" sl="19" sc="13" el="19" ec="125" bec="0" bev="0" fileid="1">
                  <TrackedMethodRefs>
                    <TrackedMethodRef uid="1" vc="1" />
                  </TrackedMethodRefs>
                </SequencePoint>
                <SequencePoint vc="1" uspid="3" ordinal="2" offset="7" sl="20" sc="13" el="20" ec="63" bec="0" bev="0" fileid="1">
                  <TrackedMethodRefs>
                    <TrackedMethodRef uid="1" vc="1" />
                  </TrackedMethodRefs>
                </SequencePoint>
                <SequencePoint vc="1" uspid="4" ordinal="3" offset="13" sl="21" sc="13" el="21" ec="65" bec="0" bev="0" fileid="1">
                  <TrackedMethodRefs>
                    <TrackedMethodRef uid="1" vc="1" />
                  </TrackedMethodRefs>
                </SequencePoint>
                <SequencePoint vc="1" uspid="5" ordinal="4" offset="19" sl="22" sc="13" el="22" ec="70" bec="0" bev="0" fileid="1">
                  <TrackedMethodRefs>
                    <TrackedMethodRef uid="1" vc="1" />
                  </TrackedMethodRefs>
                </SequencePoint>
                <SequencePoint vc="1" uspid="6" ordinal="5" offset="25" sl="23" sc="13" el="23" ec="96" bec="0" bev="0" fileid="1">
                  <TrackedMethodRefs>
                    <TrackedMethodRef uid="1" vc="1" />
                  </TrackedMethodRefs>
                </SequencePoint>
                <SequencePoint vc="1" uspid="7" ordinal="6" offset="32" sl="24" sc="13" el="24" ec="102" bec="0" bev="0" fileid="1">
                  <TrackedMethodRefs>
                    <TrackedMethodRef uid="1" vc="1" />
                  </TrackedMethodRefs>
                </SequencePoint>
                <SequencePoint vc="1" uspid="8" ordinal="7" offset="50" sl="25" sc="13" el="25" ec="103" bec="0" bev="0" fileid="1">
                  <TrackedMethodRefs>
                    <TrackedMethodRef uid="1" vc="1" />
                  </TrackedMethodRefs>
                </SequencePoint>
                <SequencePoint vc="1" uspid="9" ordinal="8" offset="68" sl="26" sc="13" el="26" ec="106" bec="0" bev="0" fileid="1">
                  <TrackedMethodRefs>
                    <TrackedMethodRef uid="1" vc="1" />
                  </TrackedMethodRefs>
                </SequencePoint>
                <SequencePoint vc="1" uspid="10" ordinal="9" offset="86" sl="27" sc="13" el="27" ec="114" bec="0" bev="0" fileid="1">
                  <TrackedMethodRefs>
                    <TrackedMethodRef uid="1" vc="1" />
                  </TrackedMethodRefs>
                </SequencePoint>
                <SequencePoint vc="1" uspid="11" ordinal="10" offset="105" sl="28" sc="9" el="28" ec="10" bec="0" bev="0" fileid="1">
                  <TrackedMethodRefs>
                    <TrackedMethodRef uid="1" vc="1" />
                  </TrackedMethodRefs>
                </SequencePoint>
              </SequencePoints>
              <BranchPoints />
              <MethodPoint xsi:type="SequencePoint" vc="1" uspid="1" ordinal="0" offset="0" sl="18" sc="9" el="18" ec="10" bec="0" bev="0" fileid="1">
                <TrackedMethodRefs>
                  <TrackedMethodRef uid="1" vc="1" />
                </TrackedMethodRefs>
              </MethodPoint>
            </Method>
            <Method visited="true" cyclomaticComplexity="1" nPathComplexity="0" sequenceCoverage="100" branchCoverage="100" crapScore="1" isConstructor="false" isStatic="false" isGetter="false" isSetter="false">
              <Summary numSequencePoints="9" visitedSequencePoints="9" numBranchPoints="1" visitedBranchPoints="1" sequenceCoverage="100" branchCoverage="100" maxCyclomaticComplexity="1" minCyclomaticComplexity="1" maxCrapScore="1" minCrapScore="1" visitedClasses="0" numClasses="0" visitedMethods="1" numMethods="1" />
              <MetadataToken>100663298</MetadataToken>
              <Name>System.Void BusinessLayerTest.BusinessLayerTest::TestHashSetParser()</Name>
              <FileRef uid="1" />
              <SequencePoints>
                <SequencePoint vc="1" uspid="12" ordinal="0" offset="0" sl="32" sc="9" el="32" ec="10" bec="0" bev="0" fileid="1">
                  <TrackedMethodRefs>
                    <TrackedMethodRef uid="2" vc="1" />
                  </TrackedMethodRefs>
                </SequencePoint>
                <SequencePoint vc="1" uspid="13" ordinal="1" offset="1" sl="33" sc="13" el="33" ec="125" bec="0" bev="0" fileid="1">
                  <TrackedMethodRefs>
                    <TrackedMethodRef uid="2" vc="1" />
                  </TrackedMethodRefs>
                </SequencePoint>
                <SequencePoint vc="1" uspid="14" ordinal="2" offset="7" sl="34" sc="13" el="34" ec="63" bec="0" bev="0" fileid="1">
                  <TrackedMethodRefs>
                    <TrackedMethodRef uid="2" vc="1" />
                  </TrackedMethodRefs>
                </SequencePoint>
                <SequencePoint vc="1" uspid="15" ordinal="3" offset="13" sl="35" sc="13" el="35" ec="47" bec="0" bev="0" fileid="1">
                  <TrackedMethodRefs>
                    <TrackedMethodRef uid="2" vc="1" />
                  </TrackedMethodRefs>
                </SequencePoint>
                <SequencePoint vc="1" uspid="16" ordinal="4" offset="25" sl="36" sc="13" el="36" ec="48" bec="0" bev="0" fileid="1">
                  <TrackedMethodRefs>
                    <TrackedMethodRef uid="2" vc="1" />
                  </TrackedMethodRefs>
                </SequencePoint>
                <SequencePoint vc="1" uspid="17" ordinal="5" offset="37" sl="37" sc="13" el="37" ec="51" bec="0" bev="0" fileid="1">
                  <TrackedMethodRefs>
                    <TrackedMethodRef uid="2" vc="1" />
                  </TrackedMethodRefs>
                </SequencePoint>
                <SequencePoint vc="1" uspid="18" ordinal="6" offset="49" sl="38" sc="13" el="38" ec="59" bec="0" bev="0" fileid="1">
                  <TrackedMethodRefs>
                    <TrackedMethodRef uid="2" vc="1" />
                  </TrackedMethodRefs>
                </SequencePoint>
                <SequencePoint vc="1" uspid="19" ordinal="7" offset="61" sl="39" sc="13" el="39" ec="80" bec="0" bev="0" fileid="1">
                  <TrackedMethodRefs>
                    <TrackedMethodRef uid="2" vc="1" />
                  </TrackedMethodRefs>
                </SequencePoint>
                <SequencePoint vc="1" uspid="20" ordinal="8" offset="74" sl="40" sc="9" el="40" ec="10" bec="0" bev="0" fileid="1">
                  <TrackedMethodRefs>
                    <TrackedMethodRef uid="2" vc="1" />
                  </TrackedMethodRefs>
                </SequencePoint>
              </SequencePoints>
              <BranchPoints />
              <MethodPoint xsi:type="SequencePoint" vc="1" uspid="12" ordinal="0" offset="0" sl="32" sc="9" el="32" ec="10" bec="0" bev="0" fileid="1">
                <TrackedMethodRefs>
                  <TrackedMethodRef uid="2" vc="1" />
                </TrackedMethodRefs>
              </MethodPoint>
            </Method>
            <Method visited="true" cyclomaticComplexity="1" nPathComplexity="0" sequenceCoverage="100" branchCoverage="100" crapScore="1" isConstructor="false" isStatic="false" isGetter="false" isSetter="false">
              <Summary numSequencePoints="4" visitedSequencePoints="4" numBranchPoints="1" visitedBranchPoints="1" sequenceCoverage="100" branchCoverage="100" maxCyclomaticComplexity="1" minCyclomaticComplexity="1" maxCrapScore="1" minCrapScore="1" visitedClasses="0" numClasses="0" visitedMethods="1" numMethods="1" />
              <MetadataToken>100663299</MetadataToken>
              <Name>System.Void BusinessLayerTest.BusinessLayerTest::TestGetCategories()</Name>
              <FileRef uid="1" />
              <SequencePoints>
                <SequencePoint vc="1" uspid="21" ordinal="0" offset="0" sl="44" sc="9" el="44" ec="10" bec="0" bev="0" fileid="1">
                  <TrackedMethodRefs>
                    <TrackedMethodRef uid="3" vc="1" />
                  </TrackedMethodRefs>
                </SequencePoint>
                <SequencePoint vc="1" uspid="22" ordinal="1" offset="1" sl="45" sc="13" el="45" ec="158" bec="0" bev="0" fileid="1">
                  <TrackedMethodRefs>
                    <TrackedMethodRef uid="3" vc="1" />
                  </TrackedMethodRefs>
                </SequencePoint>
                <SequencePoint vc="1" uspid="23" ordinal="2" offset="7" sl="46" sc="13" el="46" ec="69" bec="0" bev="0" fileid="1">
                  <TrackedMethodRefs>
                    <TrackedMethodRef uid="3" vc="1" />
                  </TrackedMethodRefs>
                </SequencePoint>
                <SequencePoint vc="1" uspid="24" ordinal="3" offset="19" sl="47" sc="9" el="47" ec="10" bec="0" bev="0" fileid="1">
                  <TrackedMethodRefs>
                    <TrackedMethodRef uid="3" vc="1" />
                  </TrackedMethodRefs>
                </SequencePoint>
              </SequencePoints>
              <BranchPoints />
              <MethodPoint xsi:type="SequencePoint" vc="1" uspid="21" ordinal="0" offset="0" sl="44" sc="9" el="44" ec="10" bec="0" bev="0" fileid="1">
                <TrackedMethodRefs>
                  <TrackedMethodRef uid="3" vc="1" />
                </TrackedMethodRefs>
              </MethodPoint>
            </Method>
            <Method visited="true" cyclomaticComplexity="1" nPathComplexity="0" sequenceCoverage="100" branchCoverage="100" crapScore="1" isConstructor="false" isStatic="false" isGetter="false" isSetter="false">
              <Summary numSequencePoints="14" visitedSequencePoints="14" numBranchPoints="1" visitedBranchPoints="1" sequenceCoverage="100" branchCoverage="100" maxCyclomaticComplexity="1" minCyclomaticComplexity="1" maxCrapScore="1" minCrapScore="1" visitedClasses="0" numClasses="0" visitedMethods="1" numMethods="1" />
              <MetadataToken>100663300</MetadataToken>
              <Name>System.Void BusinessLayerTest.BusinessLayerTest::TestGetModelsFromCategory()</Name>
              <FileRef uid="1" />
              <SequencePoints>
                <SequencePoint vc="1" uspid="25" ordinal="0" offset="0" sl="51" sc="9" el="51" ec="10" bec="0" bev="0" fileid="1">
                  <TrackedMethodRefs>
                    <TrackedMethodRef uid="4" vc="1" />
                  </TrackedMethodRefs>
                </SequencePoint>
                <SequencePoint vc="1" uspid="26" ordinal="1" offset="1" sl="52" sc="13" el="52" ec="50" bec="0" bev="0" fileid="1">
                  <TrackedMethodRefs>
                    <TrackedMethodRef uid="4" vc="1" />
                  </TrackedMethodRefs>
                </SequencePoint>
                <SequencePoint vc="1" uspid="27" ordinal="2" offset="7" sl="53" sc="13" el="53" ec="52" bec="0" bev="0" fileid="1">
                  <TrackedMethodRefs>
                    <TrackedMethodRef uid="4" vc="1" />
                  </TrackedMethodRefs>
                </SequencePoint>
                <SequencePoint vc="1" uspid="28" ordinal="3" offset="13" sl="54" sc="13" el="54" ec="54" bec="0" bev="0" fileid="1">
                  <TrackedMethodRefs>
                    <TrackedMethodRef uid="4" vc="1" />
                  </TrackedMethodRefs>
                </SequencePoint>
                <SequencePoint vc="1" uspid="29" ordinal="4" offset="19" sl="55" sc="13" el="55" ec="62" bec="0" bev="0" fileid="1">
                  <TrackedMethodRefs>
                    <TrackedMethodRef uid="4" vc="1" />
                  </TrackedMethodRefs>
                </SequencePoint>
                <SequencePoint vc="1" uspid="30" ordinal="5" offset="25" sl="56" sc="13" el="56" ec="127" bec="0" bev="0" fileid="1">
                  <TrackedMethodRefs>
                    <TrackedMethodRef uid="4" vc="1" />
                  </TrackedMethodRefs>
                </SequencePoint>
                <SequencePoint vc="1" uspid="31" ordinal="6" offset="32" sl="57" sc="13" el="57" ec="55" bec="0" bev="0" fileid="1">
                  <TrackedMethodRefs>
                    <TrackedMethodRef uid="4" vc="1" />
                  </TrackedMethodRefs>
                </SequencePoint>
                <SequencePoint vc="1" uspid="32" ordinal="7" offset="39" sl="58" sc="13" el="58" ec="103" bec="0" bev="0" fileid="1">
                  <TrackedMethodRefs>
                    <TrackedMethodRef uid="4" vc="1" />
                  </TrackedMethodRefs>
                </SequencePoint>
                <SequencePoint vc="1" uspid="33" ordinal="8" offset="46" sl="59" sc="13" el="59" ec="91" bec="0" bev="0" fileid="1">
                  <TrackedMethodRefs>
                    <TrackedMethodRef uid="4" vc="1" />
                  </TrackedMethodRefs>
                </SequencePoint>
                <SequencePoint vc="1" uspid="34" ordinal="9" offset="53" sl="60" sc="13" el="60" ec="76" bec="0" bev="0" fileid="1">
                  <TrackedMethodRefs>
                    <TrackedMethodRef uid="4" vc="1" />
                  </TrackedMethodRefs>
                </SequencePoint>
                <SequencePoint vc="1" uspid="35" ordinal="10" offset="67" sl="61" sc="13" el="61" ec="75" bec="0" bev="0" fileid="1">
                  <TrackedMethodRefs>
                    <TrackedMethodRef uid="4" vc="1" />
                  </TrackedMethodRefs>
                </SequencePoint>
                <SequencePoint vc="1" uspid="36" ordinal="11" offset="81" sl="62" sc="13" el="62" ec="75" bec="0" bev="0" fileid="1">
                  <TrackedMethodRefs>
                    <TrackedMethodRef uid="4" vc="1" />
                  </TrackedMethodRefs>
                </SequencePoint>
                <SequencePoint vc="1" uspid="37" ordinal="12" offset="95" sl="63" sc="13" el="63" ec="75" bec="0" bev="0" fileid="1">
                  <TrackedMethodRefs>
                    <TrackedMethodRef uid="4" vc="1" />
                  </TrackedMethodRefs>
                </SequencePoint>
                <SequencePoint vc="1" uspid="38" ordinal="13" offset="109" sl="64" sc="9" el="64" ec="10" bec="0" bev="0" fileid="1">
                  <TrackedMethodRefs>
                    <TrackedMethodRef uid="4" vc="1" />
                  </TrackedMethodRefs>
                </SequencePoint>
              </SequencePoints>
              <BranchPoints />
              <MethodPoint xsi:type="SequencePoint" vc="1" uspid="25" ordinal="0" offset="0" sl="51" sc="9" el="51" ec="10" bec="0" bev="0" fileid="1">
                <TrackedMethodRefs>
                  <TrackedMethodRef uid="4" vc="1" />
                </TrackedMethodRefs>
              </MethodPoint>
            </Method>
            <Method visited="true" cyclomaticComplexity="1" nPathComplexity="0" sequenceCoverage="100" branchCoverage="100" crapScore="1" isConstructor="false" isStatic="false" isGetter="false" isSetter="false">
              <Summary numSequencePoints="14" visitedSequencePoints="14" numBranchPoints="1" visitedBranchPoints="1" sequenceCoverage="100" branchCoverage="100" maxCyclomaticComplexity="1" minCyclomaticComplexity="1" maxCrapScore="1" minCrapScore="1" visitedClasses="0" numClasses="0" visitedMethods="1" numMethods="1" />
              <MetadataToken>100663301</MetadataToken>
              <Name>System.Void BusinessLayerTest.BusinessLayerTest::TestGetModelsOnSpec()</Name>
              <FileRef uid="1" />
              <SequencePoints>
                <SequencePoint vc="1" uspid="39" ordinal="0" offset="0" sl="68" sc="9" el="68" ec="10" bec="0" bev="0" fileid="1">
                  <TrackedMethodRefs>
                    <TrackedMethodRef uid="5" vc="1" />
                  </TrackedMethodRefs>
                </SequencePoint>
                <SequencePoint vc="1" uspid="40" ordinal="1" offset="1" sl="69" sc="13" el="69" ec="67" bec="0" bev="0" fileid="1">
                  <TrackedMethodRefs>
                    <TrackedMethodRef uid="5" vc="1" />
                  </TrackedMethodRefs>
                </SequencePoint>
                <SequencePoint vc="1" uspid="41" ordinal="2" offset="7" sl="70" sc="13" el="70" ec="67" bec="0" bev="0" fileid="1">
                  <TrackedMethodRefs>
                    <TrackedMethodRef uid="5" vc="1" />
                  </TrackedMethodRefs>
                </SequencePoint>
                <SequencePoint vc="1" uspid="42" ordinal="3" offset="13" sl="71" sc="13" el="71" ec="55" bec="0" bev="0" fileid="1">
                  <TrackedMethodRefs>
                    <TrackedMethodRef uid="5" vc="1" />
                  </TrackedMethodRefs>
                </SequencePoint>
                <SequencePoint vc="1" uspid="43" ordinal="4" offset="19" sl="72" sc="13" el="72" ec="55" bec="0" bev="0" fileid="1">
                  <TrackedMethodRefs>
                    <TrackedMethodRef uid="5" vc="1" />
                  </TrackedMethodRefs>
                </SequencePoint>
                <SequencePoint vc="1" uspid="44" ordinal="5" offset="25" sl="73" sc="13" el="73" ec="44" bec="0" bev="0" fileid="1">
                  <TrackedMethodRefs>
                    <TrackedMethodRef uid="5" vc="1" />
                  </TrackedMethodRefs>
                </SequencePoint>
                <SequencePoint vc="1" uspid="45" ordinal="6" offset="32" sl="74" sc="13" el="74" ec="56" bec="0" bev="0" fileid="1">
                  <TrackedMethodRefs>
                    <TrackedMethodRef uid="5" vc="1" />
                  </TrackedMethodRefs>
                </SequencePoint>
                <SequencePoint vc="1" uspid="46" ordinal="7" offset="39" sl="75" sc="13" el="75" ec="48" bec="0" bev="0" fileid="1">
                  <TrackedMethodRefs>
                    <TrackedMethodRef uid="5" vc="1" />
                  </TrackedMethodRefs>
                </SequencePoint>
                <SequencePoint vc="1" uspid="47" ordinal="8" offset="46" sl="76" sc="13" el="76" ec="57" bec="0" bev="0" fileid="1">
                  <TrackedMethodRefs>
                    <TrackedMethodRef uid="5" vc="1" />
                  </TrackedMethodRefs>
                </SequencePoint>
                <SequencePoint vc="1" uspid="48" ordinal="9" offset="53" sl="77" sc="13" el="77" ec="44" bec="0" bev="0" fileid="1">
                  <TrackedMethodRefs>
                    <TrackedMethodRef uid="5" vc="1" />
                  </TrackedMethodRefs>
                </SequencePoint>
                <SequencePoint vc="1" uspid="49" ordinal="10" offset="60" sl="78" sc="13" el="78" ec="102" bec="0" bev="0" fileid="1">
                  <TrackedMethodRefs>
                    <TrackedMethodRef uid="5" vc="1" />
                  </TrackedMethodRefs>
                </SequencePoint>
                <SequencePoint vc="1" uspid="50" ordinal="11" offset="75" sl="79" sc="13" el="79" ec="102" bec="0" bev="0" fileid="1">
                  <TrackedMethodRefs>
                    <TrackedMethodRef uid="5" vc="1" />
                  </TrackedMethodRefs>
                </SequencePoint>
                <SequencePoint vc="1" uspid="51" ordinal="12" offset="91" sl="80" sc="13" el="80" ec="102" bec="0" bev="0" fileid="1">
                  <TrackedMethodRefs>
                    <TrackedMethodRef uid="5" vc="1" />
                  </TrackedMethodRefs>
                </SequencePoint>
                <SequencePoint vc="1" uspid="52" ordinal="13" offset="107" sl="81" sc="9" el="81" ec="10" bec="0" bev="0" fileid="1">
                  <TrackedMethodRefs>
                    <TrackedMethodRef uid="5" vc="1" />
                  </TrackedMethodRefs>
                </SequencePoint>
              </SequencePoints>
              <BranchPoints />
              <MethodPoint xsi:type="SequencePoint" vc="1" uspid="39" ordinal="0" offset="0" sl="68" sc="9" el="68" ec="10" bec="0" bev="0" fileid="1">
                <TrackedMethodRefs>
                  <TrackedMethodRef uid="5" vc="1" />
                </TrackedMethodRefs>
              </MethodPoint>
            </Method>
            <Method visited="true" cyclomaticComplexity="1" nPathComplexity="0" sequenceCoverage="100" branchCoverage="100" crapScore="1" isConstructor="false" isStatic="false" isGetter="false" isSetter="false">
              <Summary numSequencePoints="11" visitedSequencePoints="11" numBranchPoints="1" visitedBranchPoints="1" sequenceCoverage="100" branchCoverage="100" maxCyclomaticComplexity="1" minCyclomaticComplexity="1" maxCrapScore="1" minCrapScore="1" visitedClasses="0" numClasses="0" visitedMethods="1" numMethods="1" />
              <MetadataToken>100663302</MetadataToken>
              <Name>System.Void BusinessLayerTest.BusinessLayerTest::TestGetSolutions()</Name>
              <FileRef uid="1" />
              <SequencePoints>
                <SequencePoint vc="1" uspid="53" ordinal="0" offset="0" sl="84" sc="9" el="84" ec="10" bec="0" bev="0" fileid="1">
                  <TrackedMethodRefs>
                    <TrackedMethodRef uid="6" vc="1" />
                  </TrackedMethodRefs>
                </SequencePoint>
                <SequencePoint vc="1" uspid="54" ordinal="1" offset="1" sl="85" sc="13" el="85" ec="55" bec="0" bev="0" fileid="1">
                  <TrackedMethodRefs>
                    <TrackedMethodRef uid="6" vc="1" />
                  </TrackedMethodRefs>
                </SequencePoint>
                <SequencePoint vc="1" uspid="55" ordinal="2" offset="7" sl="86" sc="13" el="86" ec="86" bec="0" bev="0" fileid="1">
                  <TrackedMethodRefs>
                    <TrackedMethodRef uid="6" vc="1" />
                  </TrackedMethodRefs>
                </SequencePoint>
                <SequencePoint vc="1" uspid="56" ordinal="3" offset="13" sl="87" sc="13" el="87" ec="86" bec="0" bev="0" fileid="1">
                  <TrackedMethodRefs>
                    <TrackedMethodRef uid="6" vc="1" />
                  </TrackedMethodRefs>
                </SequencePoint>
                <SequencePoint vc="1" uspid="57" ordinal="4" offset="19" sl="88" sc="13" el="88" ec="38" bec="0" bev="0" fileid="1">
                  <TrackedMethodRefs>
                    <TrackedMethodRef uid="6" vc="1" />
                  </TrackedMethodRefs>
                </SequencePoint>
                <SequencePoint vc="1" uspid="58" ordinal="5" offset="25" sl="89" sc="13" el="89" ec="39" bec="0" bev="0" fileid="1">
                  <TrackedMethodRefs>
                    <TrackedMethodRef uid="6" vc="1" />
                  </TrackedMethodRefs>
                </SequencePoint>
                <SequencePoint vc="1" uspid="59" ordinal="6" offset="32" sl="90" sc="13" el="90" ec="60" bec="0" bev="0" fileid="1">
                  <TrackedMethodRefs>
                    <TrackedMethodRef uid="6" vc="1" />
                  </TrackedMethodRefs>
                </SequencePoint>
                <SequencePoint vc="1" uspid="60" ordinal="7" offset="39" sl="91" sc="13" el="91" ec="82" bec="0" bev="0" fileid="1">
                  <TrackedMethodRefs>
                    <TrackedMethodRef uid="6" vc="1" />
                  </TrackedMethodRefs>
                </SequencePoint>
                <SequencePoint vc="1" uspid="61" ordinal="8" offset="52" sl="92" sc="13" el="92" ec="83" bec="0" bev="0" fileid="1">
                  <TrackedMethodRefs>
                    <TrackedMethodRef uid="6" vc="1" />
                  </TrackedMethodRefs>
                </SequencePoint>
                <SequencePoint vc="1" uspid="62" ordinal="9" offset="66" sl="93" sc="13" el="93" ec="83" bec="0" bev="0" fileid="1">
                  <TrackedMethodRefs>
                    <TrackedMethodRef uid="6" vc="1" />
                  </TrackedMethodRefs>
                </SequencePoint>
                <SequencePoint vc="1" uspid="63" ordinal="10" offset="80" sl="95" sc="9" el="95" ec="10" bec="0" bev="0" fileid="1">
                  <TrackedMethodRefs>
                    <TrackedMethodRef uid="6" vc="1" />
                  </TrackedMethodRefs>
                </SequencePoint>
              </SequencePoints>
              <BranchPoints />
              <MethodPoint xsi:type="SequencePoint" vc="1" uspid="53" ordinal="0" offset="0" sl="84" sc="9" el="84" ec="10" bec="0" bev="0" fileid="1">
                <TrackedMethodRefs>
                  <TrackedMethodRef uid="6" vc="1" />
                </TrackedMethodRefs>
              </MethodPoint>
            </Method>
            <Method visited="true" cyclomaticComplexity="1" nPathComplexity="0" sequenceCoverage="100" branchCoverage="100" crapScore="1" isConstructor="false" isStatic="false" isGetter="false" isSetter="false">
              <Summary numSequencePoints="4" visitedSequencePoints="4" numBranchPoints="1" visitedBranchPoints="1" sequenceCoverage="100" branchCoverage="100" maxCyclomaticComplexity="1" minCyclomaticComplexity="1" maxCrapScore="1" minCrapScore="1" visitedClasses="0" numClasses="0" visitedMethods="1" numMethods="1" />
              <MetadataToken>100663303</MetadataToken>
              <Name>System.Void BusinessLayerTest.BusinessLayerTest::TestGetCategoriesForSolutions()</Name>
              <FileRef uid="1" />
              <SequencePoints>
                <SequencePoint vc="1" uspid="64" ordinal="0" offset="0" sl="99" sc="9" el="99" ec="10" bec="0" bev="0" fileid="1">
                  <TrackedMethodRefs>
                    <TrackedMethodRef uid="7" vc="1" />
                  </TrackedMethodRefs>
                </SequencePoint>
                <SequencePoint vc="1" uspid="65" ordinal="1" offset="1" sl="100" sc="13" el="100" ec="336" bec="0" bev="0" fileid="1">
                  <TrackedMethodRefs>
                    <TrackedMethodRef uid="7" vc="1" />
                  </TrackedMethodRefs>
                </SequencePoint>
                <SequencePoint vc="1" uspid="66" ordinal="2" offset="7" sl="101" sc="13" el="101" ec="73" bec="0" bev="0" fileid="1">
                  <TrackedMethodRefs>
                    <TrackedMethodRef uid="7" vc="1" />
                  </TrackedMethodRefs>
                </SequencePoint>
                <SequencePoint vc="1" uspid="67" ordinal="3" offset="19" sl="102" sc="9" el="102" ec="10" bec="0" bev="0" fileid="1">
                  <TrackedMethodRefs>
                    <TrackedMethodRef uid="7" vc="1" />
                  </TrackedMethodRefs>
                </SequencePoint>
              </SequencePoints>
              <BranchPoints />
              <MethodPoint xsi:type="SequencePoint" vc="1" uspid="64" ordinal="0" offset="0" sl="99" sc="9" el="99" ec="10" bec="0" bev="0" fileid="1">
                <TrackedMethodRefs>
                  <TrackedMethodRef uid="7" vc="1" />
                </TrackedMethodRefs>
              </MethodPoint>
            </Method>
            <Method visited="true" cyclomaticComplexity="1" nPathComplexity="0" sequenceCoverage="72.73" branchCoverage="100" crapScore="1.02" isConstructor="false" isStatic="false" isGetter="false" isSetter="false">
              <Summary numSequencePoints="11" visitedSequencePoints="8" numBranchPoints="1" visitedBranchPoints="1" sequenceCoverage="72.73" branchCoverage="100" maxCyclomaticComplexity="1" minCyclomaticComplexity="1" maxCrapScore="1.02" minCrapScore="1.02" visitedClasses="0" numClasses="0" visitedMethods="1" numMethods="1" />
              <MetadataToken>100663304</MetadataToken>
              <Name>System.Void BusinessLayerTest.BusinessLayerTest::TestReturnSpec()</Name>
              <FileRef uid="1" />
              <SequencePoints>
                <SequencePoint vc="1" uspid="68" ordinal="0" offset="0" sl="106" sc="9" el="106" ec="10" bec="0" bev="0" fileid="1">
                  <TrackedMethodRefs>
                    <TrackedMethodRef uid="8" vc="1" />
                  </TrackedMethodRefs>
                </SequencePoint>
                <SequencePoint vc="1" uspid="69" ordinal="1" offset="1" sl="107" sc="13" el="107" ec="30" bec="0" bev="0" fileid="1">
                  <TrackedMethodRefs>
                    <TrackedMethodRef uid="8" vc="1" />
                  </TrackedMethodRefs>
                </SequencePoint>
                <SequencePoint vc="1" uspid="70" ordinal="2" offset="3" sl="108" sc="13" el="108" ec="30" bec="0" bev="0" fileid="1">
                  <TrackedMethodRefs>
                    <TrackedMethodRef uid="8" vc="1" />
                  </TrackedMethodRefs>
                </SequencePoint>
                <SequencePoint vc="1" uspid="71" ordinal="3" offset="5" sl="109" sc="13" el="109" ec="30" bec="0" bev="0" fileid="1">
                  <TrackedMethodRefs>
                    <TrackedMethodRef uid="8" vc="1" />
                  </TrackedMethodRefs>
                </SequencePoint>
                <SequencePoint vc="1" uspid="72" ordinal="4" offset="7" sl="110" sc="13" el="110" ec="40" bec="0" bev="0" fileid="1">
                  <TrackedMethodRefs>
                    <TrackedMethodRef uid="8" vc="1" />
                  </TrackedMethodRefs>
                </SequencePoint>
                <SequencePoint vc="1" uspid="73" ordinal="5" offset="13" sl="111" sc="13" el="111" ec="40" bec="0" bev="0" fileid="1">
                  <TrackedMethodRefs>
                    <TrackedMethodRef uid="8" vc="1" />
                  </TrackedMethodRefs>
                </SequencePoint>
                <SequencePoint vc="1" uspid="74" ordinal="6" offset="20" sl="112" sc="13" el="112" ec="40" bec="0" bev="0" fileid="1">
                  <TrackedMethodRefs>
                    <TrackedMethodRef uid="8" vc="1" />
                  </TrackedMethodRefs>
                </SequencePoint>
                <SequencePoint vc="1" uspid="75" ordinal="7" offset="27" sl="113" sc="13" el="113" ec="80" bec="0" bev="0" fileid="1">
                  <TrackedMethodRefs>
                    <TrackedMethodRef uid="8" vc="1" />
                  </TrackedMethodRefs>
                </SequencePoint>
                <SequencePoint vc="0" uspid="76" ordinal="8" offset="45" sl="114" sc="13" el="114" ec="92" bec="0" bev="0" fileid="1" />
                <SequencePoint vc="0" uspid="77" ordinal="9" offset="64" sl="115" sc="13" el="115" ec="93" bec="0" bev="0" fileid="1" />
                <SequencePoint vc="0" uspid="78" ordinal="10" offset="83" sl="116" sc="9" el="116" ec="10" bec="0" bev="0" fileid="1" />
              </SequencePoints>
              <BranchPoints />
              <MethodPoint xsi:type="SequencePoint" vc="1" uspid="68" ordinal="0" offset="0" sl="106" sc="9" el="106" ec="10" bec="0" bev="0" fileid="1">
                <TrackedMethodRefs>
                  <TrackedMethodRef uid="8" vc="1" />
                </TrackedMethodRefs>
              </MethodPoint>
            </Method>
            <Method visited="false" cyclomaticComplexity="1" nPathComplexity="0" sequenceCoverage="0" branchCoverage="0" crapScore="2" isConstructor="true" isStatic="false" isGetter="false" isSetter="false">
              <Summary numSequencePoints="0" visitedSequencePoints="0" numBranchPoints="0" visitedBranchPoints="0" sequenceCoverage="0" branchCoverage="0" maxCyclomaticComplexity="1" minCyclomaticComplexity="1" maxCrapScore="2" minCrapScore="2" visitedClasses="0" numClasses="0" visitedMethods="0" numMethods="0" />
              <MetadataToken>100663305</MetadataToken>
              <Name>System.Void BusinessLayerTest.BusinessLayerTest::.ctor()</Name>
              <SequencePoints />
              <BranchPoints />
              <MethodPoint vc="0" uspid="79" ordinal="0" offset="0" />
            </Method>
          </Methods>
        </Class>
      </Classes>
      <TrackedMethods>
        <TrackedMethod uid="1" token="100663297" name="System.Void BusinessLayerTest.BusinessLayerTest::TestExtractKeyword()" strategy="NUnitTest" />
        <TrackedMethod uid="2" token="100663298" name="System.Void BusinessLayerTest.BusinessLayerTest::TestHashSetParser()" strategy="NUnitTest" />
        <TrackedMethod uid="3" token="100663299" name="System.Void BusinessLayerTest.BusinessLayerTest::TestGetCategories()" strategy="NUnitTest" />
        <TrackedMethod uid="4" token="100663300" name="System.Void BusinessLayerTest.BusinessLayerTest::TestGetModelsFromCategory()" strategy="NUnitTest" />
        <TrackedMethod uid="5" token="100663301" name="System.Void BusinessLayerTest.BusinessLayerTest::TestGetModelsOnSpec()" strategy="NUnitTest" />
        <TrackedMethod uid="6" token="100663302" name="System.Void BusinessLayerTest.BusinessLayerTest::TestGetSolutions()" strategy="NUnitTest" />
        <TrackedMethod uid="7" token="100663303" name="System.Void BusinessLayerTest.BusinessLayerTest::TestGetCategoriesForSolutions()" strategy="NUnitTest" />
        <TrackedMethod uid="8" token="100663304" name="System.Void BusinessLayerTest.BusinessLayerTest::TestReturnSpec()" strategy="NUnitTest" />
      </TrackedMethods>
    </Module>
    <Module hash="07-5A-C6-28-30-95-A4-1D-81-2C-BC-49-E8-44-6E-26-4A-E9-73-38">
      <Summary numSequencePoints="113" visitedSequencePoints="61" numBranchPoints="32" visitedBranchPoints="16" sequenceCoverage="53.98" branchCoverage="50" maxCyclomaticComplexity="12" minCyclomaticComplexity="1" maxCrapScore="156" minCrapScore="1" visitedClasses="3" numClasses="5" visitedMethods="12" numMethods="22" />
      <ModulePath>C:\Bootcamp\ChatBot_CaseStudy\BusinessLayerTest\bin\Debug\BusinessLayer.dll</ModulePath>
      <ModuleTime>2019-08-21T06:42:59.6698521Z</ModuleTime>
      <ModuleName>BusinessLayer</ModuleName>
      <Files>
        <File uid="3" fullPath="C:\Bootcamp\ChatBot_CaseStudy\BusinessLayer\BusinessLayer.cs" />
        <File uid="5" fullPath="C:\Bootcamp\ChatBot_CaseStudy\BusinessLayer\Cart.cs" />
        <File uid="6" fullPath="C:\Bootcamp\ChatBot_CaseStudy\BusinessLayer\MonitorAccesor.cs" />
        <File uid="7" fullPath="C:\Bootcamp\ChatBot_CaseStudy\BusinessLayer\SolutionsAccessor.cs" />
      </Files>
      <Classes>
        <Class>
          <Summary numSequencePoints="67" visitedSequencePoints="44" numBranchPoints="12" visitedBranchPoints="9" sequenceCoverage="65.67" branchCoverage="75" maxCyclomaticComplexity="4" minCyclomaticComplexity="1" maxCrapScore="6" minCrapScore="1" visitedClasses="1" numClasses="1" visitedMethods="5" numMethods="8" />
          <FullName>BusinessLayer.Logic</FullName>
          <Methods>
            <Method visited="false" cyclomaticComplexity="2" nPathComplexity="0" sequenceCoverage="0" branchCoverage="0" crapScore="6" isConstructor="false" isStatic="true" isGetter="false" isSetter="false">
              <Summary numSequencePoints="11" visitedSequencePoints="0" numBranchPoints="1" visitedBranchPoints="0" sequenceCoverage="0" branchCoverage="0" maxCyclomaticComplexity="2" minCyclomaticComplexity="2" maxCrapScore="6" minCrapScore="6" visitedClasses="0" numClasses="0" visitedMethods="0" numMethods="1" />
              <MetadataToken>100663297</MetadataToken>
              <Name>System.String BusinessLayer.Logic::ReturnList(System.Collections.Generic.List`1&lt;System.String&gt;)</Name>
              <FileRef uid="3" />
              <SequencePoints>
                <SequencePoint vc="0" uspid="80" ordinal="0" offset="0" sl="16" sc="9" el="16" ec="10" bec="0" bev="0" fileid="3" />
                <SequencePoint vc="0" uspid="81" ordinal="1" offset="1" sl="17" sc="13" el="17" ec="31" bec="0" bev="0" fileid="3" />
                <SequencePoint vc="0" uspid="82" ordinal="2" offset="3" sl="18" sc="13" el="18" ec="20" bec="0" bev="0" fileid="3" />
                <SequencePoint vc="0" uspid="83" ordinal="3" offset="4" sl="18" sc="41" el="18" ec="45" bec="0" bev="0" fileid="3" />
                <SequencePoint vc="0" uspid="84" ordinal="4" offset="13" sl="18" sc="22" el="18" ec="37" bec="0" bev="0" fileid="3" />
                <SequencePoint vc="0" uspid="85" ordinal="5" offset="21" sl="19" sc="13" el="19" ec="14" bec="0" bev="0" fileid="3" />
                <SequencePoint vc="0" uspid="86" ordinal="6" offset="22" sl="20" sc="17" el="20" ec="45" bec="0" bev="0" fileid="3" />
                <SequencePoint vc="0" uspid="87" ordinal="7" offset="35" sl="21" sc="13" el="21" ec="14" bec="0" bev="0" fileid="3" />
                <SequencePoint vc="0" uspid="88" ordinal="8" offset="36" sl="18" sc="38" el="18" ec="40" bec="0" bev="0" fileid="3" />
                <SequencePoint vc="0" uspid="89" ordinal="9" offset="62" sl="22" sc="13" el="22" ec="24" bec="0" bev="0" fileid="3" />
                <SequencePoint vc="0" uspid="90" ordinal="10" offset="66" sl="23" sc="9" el="23" ec="10" bec="0" bev="0" fileid="3" />
              </SequencePoints>
              <BranchPoints />
              <MethodPoint xsi:type="SequencePoint" vc="0" uspid="80" ordinal="0" offset="0" sl="16" sc="9" el="16" ec="10" bec="0" bev="0" fileid="3" />
            </Method>
            <Method visited="true" cyclomaticComplexity="2" nPathComplexity="0" sequenceCoverage="100" branchCoverage="100" crapScore="2" isConstructor="false" isStatic="true" isGetter="false" isSetter="false">
              <Summary numSequencePoints="12" visitedSequencePoints="12" numBranchPoints="1" visitedBranchPoints="1" sequenceCoverage="100" branchCoverage="100" maxCyclomaticComplexity="2" minCyclomaticComplexity="2" maxCrapScore="2" minCrapScore="2" visitedClasses="0" numClasses="0" visitedMethods="1" numMethods="1" />
              <MetadataToken>100663298</MetadataToken>
              <Name>System.Collections.Generic.HashSet`1&lt;System.String&gt; BusinessLayer.Logic::ParseToHashSet(System.String)</Name>
              <FileRef uid="3" />
              <SequencePoints>
                <SequencePoint vc="1" uspid="93" ordinal="0" offset="0" sl="25" sc="9" el="25" ec="10" bec="0" bev="0" fileid="3">
                  <TrackedMethodRefs>
                    <TrackedMethodRef uid="2" vc="1" />
                  </TrackedMethodRefs>
                </SequencePoint>
                <SequencePoint vc="1" uspid="94" ordinal="1" offset="1" sl="26" sc="13" el="26" ec="62" bec="0" bev="0" fileid="3">
                  <TrackedMethodRefs>
                    <TrackedMethodRef uid="2" vc="1" />
                  </TrackedMethodRefs>
                </SequencePoint>
                <SequencePoint vc="1" uspid="95" ordinal="2" offset="7" sl="27" sc="13" el="27" ec="49" bec="0" bev="0" fileid="3">
                  <TrackedMethodRefs>
                    <TrackedMethodRef uid="2" vc="1" />
                  </TrackedMethodRefs>
                </SequencePoint>
                <SequencePoint vc="1" uspid="96" ordinal="3" offset="25" sl="28" sc="13" el="28" ec="20" bec="0" bev="0" fileid="3">
                  <TrackedMethodRefs>
                    <TrackedMethodRef uid="2" vc="1" />
                  </TrackedMethodRefs>
                </SequencePoint>
                <SequencePoint vc="1" uspid="97" ordinal="4" offset="26" sl="28" sc="31" el="28" ec="38" bec="0" bev="0" fileid="3">
                  <TrackedMethodRefs>
                    <TrackedMethodRef uid="2" vc="1" />
                  </TrackedMethodRefs>
                </SequencePoint>
                <SequencePoint vc="4" uspid="98" ordinal="5" offset="32" sl="28" sc="22" el="28" ec="27" bec="0" bev="0" fileid="3">
                  <TrackedMethodRefs>
                    <TrackedMethodRef uid="2" vc="4" />
                  </TrackedMethodRefs>
                </SequencePoint>
                <SequencePoint vc="4" uspid="99" ordinal="6" offset="37" sl="29" sc="13" el="29" ec="14" bec="0" bev="0" fileid="3">
                  <TrackedMethodRefs>
                    <TrackedMethodRef uid="2" vc="4" />
                  </TrackedMethodRefs>
                </SequencePoint>
                <SequencePoint vc="4" uspid="100" ordinal="7" offset="38" sl="30" sc="17" el="30" ec="33" bec="0" bev="0" fileid="3">
                  <TrackedMethodRefs>
                    <TrackedMethodRef uid="2" vc="4" />
                  </TrackedMethodRefs>
                </SequencePoint>
                <SequencePoint vc="4" uspid="101" ordinal="8" offset="47" sl="31" sc="13" el="31" ec="14" bec="0" bev="0" fileid="3">
                  <TrackedMethodRefs>
                    <TrackedMethodRef uid="2" vc="4" />
                  </TrackedMethodRefs>
                </SequencePoint>
                <SequencePoint vc="5" uspid="102" ordinal="9" offset="52" sl="28" sc="28" el="28" ec="30" bec="0" bev="0" fileid="3">
                  <TrackedMethodRefs>
                    <TrackedMethodRef uid="2" vc="5" />
                  </TrackedMethodRefs>
                </SequencePoint>
                <SequencePoint vc="1" uspid="103" ordinal="10" offset="58" sl="32" sc="13" el="32" ec="29" bec="0" bev="0" fileid="3">
                  <TrackedMethodRefs>
                    <TrackedMethodRef uid="2" vc="1" />
                  </TrackedMethodRefs>
                </SequencePoint>
                <SequencePoint vc="1" uspid="104" ordinal="11" offset="63" sl="33" sc="9" el="33" ec="10" bec="0" bev="0" fileid="3">
                  <TrackedMethodRefs>
                    <TrackedMethodRef uid="2" vc="1" />
                  </TrackedMethodRefs>
                </SequencePoint>
              </SequencePoints>
              <BranchPoints />
              <MethodPoint xsi:type="SequencePoint" vc="1" uspid="93" ordinal="0" offset="0" sl="25" sc="9" el="25" ec="10" bec="0" bev="0" fileid="3">
                <TrackedMethodRefs>
                  <TrackedMethodRef uid="2" vc="1" />
                </TrackedMethodRefs>
              </MethodPoint>
            </Method>
            <Method visited="true" cyclomaticComplexity="4" nPathComplexity="2" sequenceCoverage="93.75" branchCoverage="100" crapScore="4.00" isConstructor="false" isStatic="true" isGetter="false" isSetter="false">
              <Summary numSequencePoints="16" visitedSequencePoints="15" numBranchPoints="3" visitedBranchPoints="3" sequenceCoverage="93.75" branchCoverage="100" maxCyclomaticComplexity="4" minCyclomaticComplexity="4" maxCrapScore="4.00" minCrapScore="4.00" visitedClasses="0" numClasses="0" visitedMethods="1" numMethods="1" />
              <MetadataToken>100663299</MetadataToken>
              <Name>System.String BusinessLayer.Logic::ExtractKeyword(System.String,System.String)</Name>
              <FileRef uid="3" />
              <SequencePoints>
                <SequencePoint vc="4" uspid="107" ordinal="0" offset="0" sl="36" sc="9" el="36" ec="10" bec="0" bev="0" fileid="3">
                  <TrackedMethodRefs>
                    <TrackedMethodRef uid="1" vc="4" />
                  </TrackedMethodRefs>
                </SequencePoint>
                <SequencePoint vc="4" uspid="108" ordinal="1" offset="1" sl="37" sc="13" el="37" ec="35" bec="0" bev="0" fileid="3">
                  <TrackedMethodRefs>
                    <TrackedMethodRef uid="1" vc="4" />
                  </TrackedMethodRefs>
                </SequencePoint>
                <SequencePoint vc="4" uspid="109" ordinal="2" offset="9" sl="38" sc="13" el="38" ec="35" bec="0" bev="0" fileid="3">
                  <TrackedMethodRefs>
                    <TrackedMethodRef uid="1" vc="4" />
                  </TrackedMethodRefs>
                </SequencePoint>
                <SequencePoint vc="4" uspid="110" ordinal="3" offset="17" sl="39" sc="13" el="39" ec="49" bec="0" bev="0" fileid="3">
                  <TrackedMethodRefs>
                    <TrackedMethodRef uid="1" vc="4" />
                  </TrackedMethodRefs>
                </SequencePoint>
                <SequencePoint vc="4" uspid="111" ordinal="4" offset="35" sl="41" sc="13" el="41" ec="20" bec="0" bev="0" fileid="3">
                  <TrackedMethodRefs>
                    <TrackedMethodRef uid="1" vc="4" />
                  </TrackedMethodRefs>
                </SequencePoint>
                <SequencePoint vc="4" uspid="112" ordinal="5" offset="36" sl="41" sc="36" el="41" ec="43" bec="0" bev="0" fileid="3">
                  <TrackedMethodRefs>
                    <TrackedMethodRef uid="1" vc="4" />
                  </TrackedMethodRefs>
                </SequencePoint>
                <SequencePoint vc="10" uspid="113" ordinal="6" offset="42" sl="41" sc="22" el="41" ec="32" bec="0" bev="0" fileid="3">
                  <TrackedMethodRefs>
                    <TrackedMethodRef uid="1" vc="10" />
                  </TrackedMethodRefs>
                </SequencePoint>
                <SequencePoint vc="10" uspid="114" ordinal="7" offset="46" sl="42" sc="13" el="42" ec="14" bec="0" bev="0" fileid="3">
                  <TrackedMethodRefs>
                    <TrackedMethodRef uid="1" vc="10" />
                  </TrackedMethodRefs>
                </SequencePoint>
                <SequencePoint vc="10" uspid="115" ordinal="8" offset="47" sl="43" sc="17" el="43" ec="47" bec="0" bev="0" fileid="3">
                  <TrackedMethodRefs>
                    <TrackedMethodRef uid="1" vc="10" />
                  </TrackedMethodRefs>
                </SequencePoint>
                <SequencePoint vc="10" uspid="116" ordinal="9" offset="60" sl="44" sc="17" el="44" ec="59" bec="2" bev="2" fileid="3">
                  <TrackedMethodRefs>
                    <TrackedMethodRef uid="1" vc="10" />
                  </TrackedMethodRefs>
                </SequencePoint>
                <SequencePoint vc="4" uspid="117" ordinal="10" offset="91" sl="45" sc="17" el="45" ec="18" bec="0" bev="0" fileid="3">
                  <TrackedMethodRefs>
                    <TrackedMethodRef uid="1" vc="4" />
                  </TrackedMethodRefs>
                </SequencePoint>
                <SequencePoint vc="4" uspid="118" ordinal="11" offset="92" sl="46" sc="21" el="46" ec="35" bec="0" bev="0" fileid="3">
                  <TrackedMethodRefs>
                    <TrackedMethodRef uid="1" vc="4" />
                  </TrackedMethodRefs>
                </SequencePoint>
                <SequencePoint vc="6" uspid="119" ordinal="12" offset="98" sl="48" sc="13" el="48" ec="14" bec="0" bev="0" fileid="3">
                  <TrackedMethodRefs>
                    <TrackedMethodRef uid="1" vc="6" />
                  </TrackedMethodRefs>
                </SequencePoint>
                <SequencePoint vc="10" uspid="120" ordinal="13" offset="103" sl="41" sc="33" el="41" ec="35" bec="0" bev="0" fileid="3">
                  <TrackedMethodRefs>
                    <TrackedMethodRef uid="1" vc="10" />
                  </TrackedMethodRefs>
                </SequencePoint>
                <SequencePoint vc="0" uspid="121" ordinal="14" offset="109" sl="49" sc="13" el="49" ec="25" bec="0" bev="0" fileid="3" />
                <SequencePoint vc="4" uspid="122" ordinal="15" offset="114" sl="50" sc="9" el="50" ec="10" bec="0" bev="0" fileid="3">
                  <TrackedMethodRefs>
                    <TrackedMethodRef uid="1" vc="4" />
                  </TrackedMethodRefs>
                </SequencePoint>
              </SequencePoints>
              <BranchPoints>
                <BranchPoint vc="4" uspid="125" ordinal="2" offset="89" sl="44" path="0" offsetend="91" fileid="3">
                  <TrackedMethodRefs>
                    <TrackedMethodRef uid="1" vc="4" />
                  </TrackedMethodRefs>
                </BranchPoint>
                <BranchPoint vc="6" uspid="126" ordinal="3" offset="89" sl="44" path="1" offsetend="98" fileid="3">
                  <TrackedMethodRefs>
                    <TrackedMethodRef uid="1" vc="6" />
                  </TrackedMethodRefs>
                </BranchPoint>
              </BranchPoints>
              <MethodPoint xsi:type="SequencePoint" vc="4" uspid="107" ordinal="0" offset="0" sl="36" sc="9" el="36" ec="10" bec="0" bev="0" fileid="3">
                <TrackedMethodRefs>
                  <TrackedMethodRef uid="1" vc="4" />
                </TrackedMethodRefs>
              </MethodPoint>
            </Method>
            <Method visited="true" cyclomaticComplexity="2" nPathComplexity="2" sequenceCoverage="100" branchCoverage="100" crapScore="2" isConstructor="false" isStatic="true" isGetter="false" isSetter="false">
              <Summary numSequencePoints="12" visitedSequencePoints="12" numBranchPoints="3" visitedBranchPoints="3" sequenceCoverage="100" branchCoverage="100" maxCyclomaticComplexity="2" minCyclomaticComplexity="2" maxCrapScore="2" minCrapScore="2" visitedClasses="0" numClasses="0" visitedMethods="1" numMethods="1" />
              <MetadataToken>100663300</MetadataToken>
              <Name>System.Collections.Generic.Dictionary`2&lt;System.Int32,System.String&gt; BusinessLayer.Logic::AssignDict(System.String)</Name>
              <FileRef uid="3" />
              <SequencePoints>
                <SequencePoint vc="1" uspid="129" ordinal="0" offset="0" sl="53" sc="9" el="53" ec="10" bec="0" bev="0" fileid="3">
                  <TrackedMethodRefs>
                    <TrackedMethodRef uid="8" vc="1" />
                  </TrackedMethodRefs>
                </SequencePoint>
                <SequencePoint vc="1" uspid="130" ordinal="1" offset="1" sl="54" sc="13" el="54" ec="73" bec="0" bev="0" fileid="3">
                  <TrackedMethodRefs>
                    <TrackedMethodRef uid="8" vc="1" />
                  </TrackedMethodRefs>
                </SequencePoint>
                <SequencePoint vc="1" uspid="131" ordinal="2" offset="7" sl="55" sc="13" el="55" ec="89" bec="0" bev="0" fileid="3">
                  <TrackedMethodRefs>
                    <TrackedMethodRef uid="8" vc="1" />
                  </TrackedMethodRefs>
                </SequencePoint>
                <SequencePoint vc="1" uspid="132" ordinal="3" offset="34" sl="56" sc="13" el="56" ec="69" bec="0" bev="0" fileid="3">
                  <TrackedMethodRefs>
                    <TrackedMethodRef uid="8" vc="1" />
                  </TrackedMethodRefs>
                </SequencePoint>
                <SequencePoint vc="1" uspid="133" ordinal="4" offset="62" sl="57" sc="18" el="57" ec="27" bec="0" bev="0" fileid="3">
                  <TrackedMethodRefs>
                    <TrackedMethodRef uid="8" vc="1" />
                  </TrackedMethodRefs>
                </SequencePoint>
                <SequencePoint vc="2" uspid="134" ordinal="5" offset="66" sl="58" sc="13" el="58" ec="14" bec="0" bev="0" fileid="3">
                  <TrackedMethodRefs>
                    <TrackedMethodRef uid="8" vc="2" />
                  </TrackedMethodRefs>
                </SequencePoint>
                <SequencePoint vc="2" uspid="135" ordinal="6" offset="67" sl="59" sc="17" el="59" ec="51" bec="0" bev="0" fileid="3">
                  <TrackedMethodRefs>
                    <TrackedMethodRef uid="8" vc="2" />
                  </TrackedMethodRefs>
                </SequencePoint>
                <SequencePoint vc="2" uspid="136" ordinal="7" offset="80" sl="60" sc="13" el="60" ec="14" bec="0" bev="0" fileid="3">
                  <TrackedMethodRefs>
                    <TrackedMethodRef uid="8" vc="2" />
                  </TrackedMethodRefs>
                </SequencePoint>
                <SequencePoint vc="2" uspid="137" ordinal="8" offset="81" sl="57" sc="54" el="57" ec="57" bec="0" bev="0" fileid="3">
                  <TrackedMethodRefs>
                    <TrackedMethodRef uid="8" vc="2" />
                  </TrackedMethodRefs>
                </SequencePoint>
                <SequencePoint vc="3" uspid="138" ordinal="9" offset="85" sl="57" sc="29" el="57" ec="52" bec="2" bev="2" fileid="3">
                  <TrackedMethodRefs>
                    <TrackedMethodRef uid="8" vc="3" />
                  </TrackedMethodRefs>
                </SequencePoint>
                <SequencePoint vc="1" uspid="139" ordinal="10" offset="97" sl="61" sc="13" el="61" ec="26" bec="0" bev="0" fileid="3">
                  <TrackedMethodRefs>
                    <TrackedMethodRef uid="8" vc="1" />
                  </TrackedMethodRefs>
                </SequencePoint>
                <SequencePoint vc="1" uspid="140" ordinal="11" offset="102" sl="62" sc="9" el="62" ec="10" bec="0" bev="0" fileid="3">
                  <TrackedMethodRefs>
                    <TrackedMethodRef uid="8" vc="1" />
                  </TrackedMethodRefs>
                </SequencePoint>
              </SequencePoints>
              <BranchPoints>
                <BranchPoint vc="1" uspid="141" ordinal="0" offset="95" sl="57" path="0" offsetend="97" fileid="3">
                  <TrackedMethodRefs>
                    <TrackedMethodRef uid="8" vc="1" />
                  </TrackedMethodRefs>
                </BranchPoint>
                <BranchPoint vc="2" uspid="142" ordinal="1" offset="95" sl="57" path="1" offsetend="66" fileid="3">
                  <TrackedMethodRefs>
                    <TrackedMethodRef uid="8" vc="2" />
                  </TrackedMethodRefs>
                </BranchPoint>
              </BranchPoints>
              <MethodPoint xsi:type="SequencePoint" vc="1" uspid="129" ordinal="0" offset="0" sl="53" sc="9" el="53" ec="10" bec="0" bev="0" fileid="3">
                <TrackedMethodRefs>
                  <TrackedMethodRef uid="8" vc="1" />
                </TrackedMethodRefs>
              </MethodPoint>
            </Method>
            <Method visited="false" cyclomaticComplexity="2" nPathComplexity="0" sequenceCoverage="0" branchCoverage="0" crapScore="6" isConstructor="false" isStatic="true" isGetter="false" isSetter="false">
              <Summary numSequencePoints="6" visitedSequencePoints="0" numBranchPoints="1" visitedBranchPoints="0" sequenceCoverage="0" branchCoverage="0" maxCyclomaticComplexity="2" minCyclomaticComplexity="2" maxCrapScore="6" minCrapScore="6" visitedClasses="0" numClasses="0" visitedMethods="0" numMethods="1" />
              <MetadataToken>100663301</MetadataToken>
              <Name>System.String BusinessLayer.Logic::ParseDictToString(System.Collections.Generic.Dictionary`2&lt;System.Int32,System.String&gt;)</Name>
              <FileRef uid="3" />
              <SequencePoints>
                <SequencePoint vc="0" uspid="143" ordinal="0" offset="0" sl="65" sc="9" el="65" ec="10" bec="0" bev="0" fileid="3" />
                <SequencePoint vc="0" uspid="144" ordinal="1" offset="1" sl="66" sc="13" el="66" ec="39" bec="0" bev="0" fileid="3" />
                <SequencePoint vc="0" uspid="145" ordinal="2" offset="8" sl="67" sc="13" el="67" ec="48" bec="0" bev="0" fileid="3" />
                <SequencePoint vc="0" uspid="146" ordinal="3" offset="23" sl="68" sc="13" el="68" ec="112" bec="0" bev="0" fileid="3" />
                <SequencePoint vc="0" uspid="147" ordinal="4" offset="76" sl="69" sc="13" el="69" ec="24" bec="0" bev="0" fileid="3" />
                <SequencePoint vc="0" uspid="148" ordinal="5" offset="80" sl="70" sc="9" el="70" ec="10" bec="0" bev="0" fileid="3" />
              </SequencePoints>
              <BranchPoints />
              <MethodPoint xsi:type="SequencePoint" vc="0" uspid="143" ordinal="0" offset="0" sl="65" sc="9" el="65" ec="10" bec="0" bev="0" fileid="3" />
            </Method>
            <Method visited="false" cyclomaticComplexity="1" nPathComplexity="0" sequenceCoverage="0" branchCoverage="0" crapScore="2" isConstructor="false" isStatic="true" isGetter="false" isSetter="false">
              <Summary numSequencePoints="5" visitedSequencePoints="0" numBranchPoints="1" visitedBranchPoints="0" sequenceCoverage="0" branchCoverage="0" maxCyclomaticComplexity="1" minCyclomaticComplexity="1" maxCrapScore="2" minCrapScore="2" visitedClasses="0" numClasses="0" visitedMethods="0" numMethods="1" />
              <MetadataToken>100663302</MetadataToken>
              <Name>System.String BusinessLayer.Logic::GetAllSpec(System.String)</Name>
              <FileRef uid="3" />
              <SequencePoints>
                <SequencePoint vc="0" uspid="151" ordinal="0" offset="0" sl="73" sc="9" el="73" ec="10" bec="0" bev="0" fileid="3" />
                <SequencePoint vc="0" uspid="152" ordinal="1" offset="1" sl="74" sc="13" el="74" ec="64" bec="0" bev="0" fileid="3" />
                <SequencePoint vc="0" uspid="153" ordinal="2" offset="8" sl="75" sc="13" el="75" ec="53" bec="0" bev="0" fileid="3" />
                <SequencePoint vc="0" uspid="154" ordinal="3" offset="15" sl="76" sc="13" el="76" ec="24" bec="0" bev="0" fileid="3" />
                <SequencePoint vc="0" uspid="155" ordinal="4" offset="19" sl="77" sc="9" el="77" ec="10" bec="0" bev="0" fileid="3" />
              </SequencePoints>
              <BranchPoints />
              <MethodPoint xsi:type="SequencePoint" vc="0" uspid="151" ordinal="0" offset="0" sl="73" sc="9" el="73" ec="10" bec="0" bev="0" fileid="3" />
            </Method>
            <Method visited="true" cyclomaticComplexity="1" nPathComplexity="0" sequenceCoverage="100" branchCoverage="100" crapScore="1" isConstructor="false" isStatic="true" isGetter="false" isSetter="false">
              <Summary numSequencePoints="4" visitedSequencePoints="4" numBranchPoints="1" visitedBranchPoints="1" sequenceCoverage="100" branchCoverage="100" maxCyclomaticComplexity="1" minCyclomaticComplexity="1" maxCrapScore="1" minCrapScore="1" visitedClasses="0" numClasses="0" visitedMethods="1" numMethods="1" />
              <MetadataToken>100663303</MetadataToken>
              <Name>System.String BusinessLayer.Logic::ReturnSpec(System.Int32,System.String)</Name>
              <FileRef uid="3" />
              <SequencePoints>
                <SequencePoint vc="1" uspid="156" ordinal="0" offset="0" sl="80" sc="9" el="80" ec="10" bec="0" bev="0" fileid="3">
                  <TrackedMethodRefs>
                    <TrackedMethodRef uid="8" vc="1" />
                  </TrackedMethodRefs>
                </SequencePoint>
                <SequencePoint vc="1" uspid="157" ordinal="1" offset="1" sl="81" sc="13" el="81" ec="65" bec="0" bev="0" fileid="3">
                  <TrackedMethodRefs>
                    <TrackedMethodRef uid="8" vc="1" />
                  </TrackedMethodRefs>
                </SequencePoint>
                <SequencePoint vc="1" uspid="158" ordinal="2" offset="8" sl="83" sc="13" el="83" ec="34" bec="0" bev="0" fileid="3">
                  <TrackedMethodRefs>
                    <TrackedMethodRef uid="8" vc="1" />
                  </TrackedMethodRefs>
                </SequencePoint>
                <SequencePoint vc="1" uspid="159" ordinal="3" offset="18" sl="85" sc="9" el="85" ec="10" bec="0" bev="0" fileid="3">
                  <TrackedMethodRefs>
                    <TrackedMethodRef uid="8" vc="1" />
                  </TrackedMethodRefs>
                </SequencePoint>
              </SequencePoints>
              <BranchPoints />
              <MethodPoint xsi:type="SequencePoint" vc="1" uspid="156" ordinal="0" offset="0" sl="80" sc="9" el="80" ec="10" bec="0" bev="0" fileid="3">
                <TrackedMethodRefs>
                  <TrackedMethodRef uid="8" vc="1" />
                </TrackedMethodRefs>
              </MethodPoint>
            </Method>
            <Method visited="false" cyclomaticComplexity="1" nPathComplexity="0" sequenceCoverage="0" branchCoverage="0" crapScore="2" isConstructor="true" isStatic="false" isGetter="false" isSetter="false">
              <Summary numSequencePoints="0" visitedSequencePoints="0" numBranchPoints="0" visitedBranchPoints="0" sequenceCoverage="0" branchCoverage="0" maxCyclomaticComplexity="1" minCyclomaticComplexity="1" maxCrapScore="2" minCrapScore="2" visitedClasses="0" numClasses="0" visitedMethods="0" numMethods="0" />
              <MetadataToken>100663304</MetadataToken>
              <Name>System.Void BusinessLayer.Logic::.ctor()</Name>
              <SequencePoints />
              <BranchPoints />
              <MethodPoint vc="0" uspid="160" ordinal="0" offset="0" />
            </Method>
            <Method visited="true" cyclomaticComplexity="1" nPathComplexity="0" sequenceCoverage="100" branchCoverage="100" crapScore="1" isConstructor="true" isStatic="true" isGetter="false" isSetter="false">
              <Summary numSequencePoints="1" visitedSequencePoints="1" numBranchPoints="1" visitedBranchPoints="1" sequenceCoverage="100" branchCoverage="100" maxCyclomaticComplexity="1" minCyclomaticComplexity="1" maxCrapScore="1" minCrapScore="1" visitedClasses="0" numClasses="0" visitedMethods="1" numMethods="1" />
              <MetadataToken>100663305</MetadataToken>
              <Name>System.Void BusinessLayer.Logic::.cctor()</Name>
              <FileRef uid="3" />
              <SequencePoints>
                <SequencePoint vc="1" uspid="161" ordinal="0" offset="0" sl="14" sc="9" el="14" ec="35" bec="0" bev="0" fileid="3">
                  <TrackedMethodRefs>
                    <TrackedMethodRef uid="1" vc="1" />
                  </TrackedMethodRefs>
                </SequencePoint>
              </SequencePoints>
              <BranchPoints />
              <MethodPoint xsi:type="SequencePoint" vc="1" uspid="161" ordinal="0" offset="0" sl="14" sc="9" el="14" ec="35" bec="0" bev="0" fileid="3">
                <TrackedMethodRefs>
                  <TrackedMethodRef uid="1" vc="1" />
                </TrackedMethodRefs>
              </MethodPoint>
            </Method>
          </Methods>
        </Class>
        <Class>
          <Summary numSequencePoints="1" visitedSequencePoints="0" numBranchPoints="1" visitedBranchPoints="0" sequenceCoverage="0" branchCoverage="0" maxCyclomaticComplexity="1" minCyclomaticComplexity="1" maxCrapScore="2" minCrapScore="2" visitedClasses="0" numClasses="1" visitedMethods="0" numMethods="1" />
          <FullName>BusinessLayer.Logic/&lt;&gt;c</FullName>
          <Methods>
            <Method visited="false" cyclomaticComplexity="1" nPathComplexity="0" sequenceCoverage="0" branchCoverage="0" crapScore="2" isConstructor="true" isStatic="true" isGetter="false" isSetter="false">
              <Summary numSequencePoints="0" visitedSequencePoints="0" numBranchPoints="0" visitedBranchPoints="0" sequenceCoverage="0" branchCoverage="0" maxCyclomaticComplexity="1" minCyclomaticComplexity="1" maxCrapScore="2" minCrapScore="2" visitedClasses="0" numClasses="0" visitedMethods="0" numMethods="0" />
              <MetadataToken>100663321</MetadataToken>
              <Name>System.Void BusinessLayer.Logic/&lt;&gt;c::.cctor()</Name>
              <SequencePoints />
              <BranchPoints />
              <MethodPoint vc="0" uspid="162" ordinal="0" offset="0" />
            </Method>
            <Method visited="false" cyclomaticComplexity="1" nPathComplexity="0" sequenceCoverage="0" branchCoverage="0" crapScore="2" isConstructor="true" isStatic="false" isGetter="false" isSetter="false">
              <Summary numSequencePoints="0" visitedSequencePoints="0" numBranchPoints="0" visitedBranchPoints="0" sequenceCoverage="0" branchCoverage="0" maxCyclomaticComplexity="1" minCyclomaticComplexity="1" maxCrapScore="2" minCrapScore="2" visitedClasses="0" numClasses="0" visitedMethods="0" numMethods="0" />
              <MetadataToken>100663322</MetadataToken>
              <Name>System.Void BusinessLayer.Logic/&lt;&gt;c::.ctor()</Name>
              <SequencePoints />
              <BranchPoints />
              <MethodPoint vc="0" uspid="163" ordinal="0" offset="0" />
            </Method>
            <Method visited="false" cyclomaticComplexity="1" nPathComplexity="0" sequenceCoverage="0" branchCoverage="0" crapScore="2" isConstructor="false" isStatic="false" isGetter="false" isSetter="false">
              <Summary numSequencePoints="1" visitedSequencePoints="0" numBranchPoints="1" visitedBranchPoints="0" sequenceCoverage="0" branchCoverage="0" maxCyclomaticComplexity="1" minCyclomaticComplexity="1" maxCrapScore="2" minCrapScore="2" visitedClasses="0" numClasses="0" visitedMethods="0" numMethods="1" />
              <MetadataToken>100663323</MetadataToken>
              <Name>System.String BusinessLayer.Logic/&lt;&gt;c::&lt;ParseDictToString&gt;b__5_0(System.Collections.Generic.KeyValuePair`2&lt;System.Int32,System.String&gt;)</Name>
              <FileRef uid="3" />
              <SequencePoints>
                <SequencePoint vc="0" uspid="164" ordinal="0" offset="0" sl="68" sc="61" el="68" ec="99" bec="0" bev="0" fileid="3" />
              </SequencePoints>
              <BranchPoints />
              <MethodPoint xsi:type="SequencePoint" vc="0" uspid="164" ordinal="0" offset="0" sl="68" sc="61" el="68" ec="99" bec="0" bev="0" fileid="3" />
            </Method>
          </Methods>
        </Class>
        <Class>
          <Summary numSequencePoints="2" visitedSequencePoints="0" numBranchPoints="1" visitedBranchPoints="0" sequenceCoverage="0" branchCoverage="0" maxCyclomaticComplexity="1" minCyclomaticComplexity="1" maxCrapScore="2" minCrapScore="2" visitedClasses="0" numClasses="1" visitedMethods="0" numMethods="1" />
          <FullName>BusinessLayer.Cart</FullName>
          <Methods>
            <Method visited="false" cyclomaticComplexity="1" nPathComplexity="0" sequenceCoverage="0" branchCoverage="0" crapScore="2" isConstructor="true" isStatic="true" isGetter="false" isSetter="false">
              <Summary numSequencePoints="2" visitedSequencePoints="0" numBranchPoints="1" visitedBranchPoints="0" sequenceCoverage="0" branchCoverage="0" maxCyclomaticComplexity="1" minCyclomaticComplexity="1" maxCrapScore="2" minCrapScore="2" visitedClasses="0" numClasses="0" visitedMethods="0" numMethods="1" />
              <MetadataToken>100663306</MetadataToken>
              <Name>System.Void BusinessLayer.Cart::.cctor()</Name>
              <FileRef uid="5" />
              <SequencePoints>
                <SequencePoint vc="0" uspid="165" ordinal="0" offset="0" sl="11" sc="9" el="11" ec="66" bec="0" bev="0" fileid="5" />
                <SequencePoint vc="0" uspid="166" ordinal="1" offset="10" sl="12" sc="9" el="12" ec="67" bec="0" bev="0" fileid="5" />
              </SequencePoints>
              <BranchPoints />
              <MethodPoint xsi:type="SequencePoint" vc="0" uspid="165" ordinal="0" offset="0" sl="11" sc="9" el="11" ec="66" bec="0" bev="0" fileid="5" />
            </Method>
          </Methods>
        </Class>
        <Class>
          <Summary numSequencePoints="20" visitedSequencePoints="10" numBranchPoints="7" visitedBranchPoints="4" sequenceCoverage="50" branchCoverage="57.14" maxCyclomaticComplexity="1" minCyclomaticComplexity="1" maxCrapScore="2" minCrapScore="1" visitedClasses="1" numClasses="1" visitedMethods="4" numMethods="7" />
          <FullName>BusinessLayer.MonitorAccessor</FullName>
          <Methods>
            <Method visited="true" cyclomaticComplexity="1" nPathComplexity="0" sequenceCoverage="100" branchCoverage="100" crapScore="1" isConstructor="false" isStatic="true" isGetter="false" isSetter="false">
              <Summary numSequencePoints="3" visitedSequencePoints="3" numBranchPoints="1" visitedBranchPoints="1" sequenceCoverage="100" branchCoverage="100" maxCyclomaticComplexity="1" minCyclomaticComplexity="1" maxCrapScore="1" minCrapScore="1" visitedClasses="0" numClasses="0" visitedMethods="1" numMethods="1" />
              <MetadataToken>100663307</MetadataToken>
              <Name>System.String BusinessLayer.MonitorAccessor::GetSerialName()</Name>
              <FileRef uid="6" />
              <SequencePoints>
                <SequencePoint vc="1" uspid="167" ordinal="0" offset="0" sl="15" sc="9" el="15" ec="10" bec="0" bev="0" fileid="6">
                  <TrackedMethodRefs>
                    <TrackedMethodRef uid="3" vc="1" />
                  </TrackedMethodRefs>
                </SequencePoint>
                <SequencePoint vc="1" uspid="168" ordinal="1" offset="1" sl="16" sc="13" el="16" ec="73" bec="0" bev="0" fileid="6">
                  <TrackedMethodRefs>
                    <TrackedMethodRef uid="3" vc="1" />
                  </TrackedMethodRefs>
                </SequencePoint>
                <SequencePoint vc="1" uspid="169" ordinal="2" offset="19" sl="17" sc="9" el="17" ec="10" bec="0" bev="0" fileid="6">
                  <TrackedMethodRefs>
                    <TrackedMethodRef uid="3" vc="1" />
                  </TrackedMethodRefs>
                </SequencePoint>
              </SequencePoints>
              <BranchPoints />
              <MethodPoint xsi:type="SequencePoint" vc="1" uspid="167" ordinal="0" offset="0" sl="15" sc="9" el="15" ec="10" bec="0" bev="0" fileid="6">
                <TrackedMethodRefs>
                  <TrackedMethodRef uid="3" vc="1" />
                </TrackedMethodRefs>
              </MethodPoint>
            </Method>
            <Method visited="false" cyclomaticComplexity="1" nPathComplexity="0" sequenceCoverage="0" branchCoverage="0" crapScore="2" isConstructor="false" isStatic="true" isGetter="false" isSetter="false">
              <Summary numSequencePoints="3" visitedSequencePoints="0" numBranchPoints="1" visitedBranchPoints="0" sequenceCoverage="0" branchCoverage="0" maxCyclomaticComplexity="1" minCyclomaticComplexity="1" maxCrapScore="2" minCrapScore="2" visitedClasses="0" numClasses="0" visitedMethods="0" numMethods="1" />
              <MetadataToken>100663308</MetadataToken>
              <Name>System.String BusinessLayer.MonitorAccessor::GetDistinctModelNames()</Name>
              <FileRef uid="6" />
              <SequencePoints>
                <SequencePoint vc="0" uspid="170" ordinal="0" offset="0" sl="20" sc="9" el="20" ec="10" bec="0" bev="0" fileid="6" />
                <SequencePoint vc="0" uspid="171" ordinal="1" offset="1" sl="21" sc="13" el="21" ec="72" bec="0" bev="0" fileid="6" />
                <SequencePoint vc="0" uspid="172" ordinal="2" offset="19" sl="23" sc="9" el="23" ec="10" bec="0" bev="0" fileid="6" />
              </SequencePoints>
              <BranchPoints />
              <MethodPoint xsi:type="SequencePoint" vc="0" uspid="170" ordinal="0" offset="0" sl="20" sc="9" el="20" ec="10" bec="0" bev="0" fileid="6" />
            </Method>
            <Method visited="false" cyclomaticComplexity="1" nPathComplexity="0" sequenceCoverage="0" branchCoverage="0" crapScore="2" isConstructor="false" isStatic="true" isGetter="false" isSetter="false">
              <Summary numSequencePoints="4" visitedSequencePoints="0" numBranchPoints="1" visitedBranchPoints="0" sequenceCoverage="0" branchCoverage="0" maxCyclomaticComplexity="1" minCyclomaticComplexity="1" maxCrapScore="2" minCrapScore="2" visitedClasses="0" numClasses="0" visitedMethods="0" numMethods="1" />
              <MetadataToken>100663309</MetadataToken>
              <Name>System.String BusinessLayer.MonitorAccessor::GetDistinctSpecs()</Name>
              <FileRef uid="6" />
              <SequencePoints>
                <SequencePoint vc="0" uspid="173" ordinal="0" offset="0" sl="26" sc="9" el="26" ec="10" bec="0" bev="0" fileid="6" />
                <SequencePoint vc="0" uspid="174" ordinal="1" offset="1" sl="27" sc="13" el="28" ec="83" bec="0" bev="0" fileid="6" />
                <SequencePoint vc="0" uspid="175" ordinal="2" offset="42" sl="30" sc="13" el="30" ec="31" bec="0" bev="0" fileid="6" />
                <SequencePoint vc="0" uspid="176" ordinal="3" offset="46" sl="32" sc="9" el="32" ec="10" bec="0" bev="0" fileid="6" />
              </SequencePoints>
              <BranchPoints />
              <MethodPoint xsi:type="SequencePoint" vc="0" uspid="173" ordinal="0" offset="0" sl="26" sc="9" el="26" ec="10" bec="0" bev="0" fileid="6" />
            </Method>
            <Method visited="true" cyclomaticComplexity="1" nPathComplexity="0" sequenceCoverage="100" branchCoverage="100" crapScore="1" isConstructor="false" isStatic="true" isGetter="false" isSetter="false">
              <Summary numSequencePoints="3" visitedSequencePoints="3" numBranchPoints="1" visitedBranchPoints="1" sequenceCoverage="100" branchCoverage="100" maxCyclomaticComplexity="1" minCyclomaticComplexity="1" maxCrapScore="1" minCrapScore="1" visitedClasses="0" numClasses="0" visitedMethods="1" numMethods="1" />
              <MetadataToken>100663310</MetadataToken>
              <Name>System.String BusinessLayer.MonitorAccessor::GetModels(System.String)</Name>
              <FileRef uid="6" />
              <SequencePoints>
                <SequencePoint vc="4" uspid="177" ordinal="0" offset="0" sl="35" sc="9" el="35" ec="10" bec="0" bev="0" fileid="6">
                  <TrackedMethodRefs>
                    <TrackedMethodRef uid="4" vc="4" />
                  </TrackedMethodRefs>
                </SequencePoint>
                <SequencePoint vc="4" uspid="178" ordinal="1" offset="1" sl="36" sc="13" el="36" ec="90" bec="0" bev="0" fileid="6">
                  <TrackedMethodRefs>
                    <TrackedMethodRef uid="4" vc="4" />
                  </TrackedMethodRefs>
                </SequencePoint>
                <SequencePoint vc="4" uspid="179" ordinal="2" offset="30" sl="37" sc="9" el="37" ec="10" bec="0" bev="0" fileid="6">
                  <TrackedMethodRefs>
                    <TrackedMethodRef uid="4" vc="4" />
                  </TrackedMethodRefs>
                </SequencePoint>
              </SequencePoints>
              <BranchPoints />
              <MethodPoint xsi:type="SequencePoint" vc="4" uspid="177" ordinal="0" offset="0" sl="35" sc="9" el="35" ec="10" bec="0" bev="0" fileid="6">
                <TrackedMethodRefs>
                  <TrackedMethodRef uid="4" vc="4" />
                </TrackedMethodRefs>
              </MethodPoint>
            </Method>
            <Method visited="false" cyclomaticComplexity="1" nPathComplexity="0" sequenceCoverage="0" branchCoverage="0" crapScore="2" isConstructor="false" isStatic="true" isGetter="false" isSetter="false">
              <Summary numSequencePoints="3" visitedSequencePoints="0" numBranchPoints="1" visitedBranchPoints="0" sequenceCoverage="0" branchCoverage="0" maxCyclomaticComplexity="1" minCyclomaticComplexity="1" maxCrapScore="2" minCrapScore="2" visitedClasses="0" numClasses="0" visitedMethods="0" numMethods="1" />
              <MetadataToken>100663311</MetadataToken>
              <Name>System.String BusinessLayer.MonitorAccessor::GetSpecification(System.String)</Name>
              <FileRef uid="6" />
              <SequencePoints>
                <SequencePoint vc="0" uspid="180" ordinal="0" offset="0" sl="40" sc="9" el="40" ec="10" bec="0" bev="0" fileid="6" />
                <SequencePoint vc="0" uspid="181" ordinal="1" offset="1" sl="41" sc="13" el="41" ec="111" bec="0" bev="0" fileid="6" />
                <SequencePoint vc="0" uspid="182" ordinal="2" offset="30" sl="43" sc="9" el="43" ec="10" bec="0" bev="0" fileid="6" />
              </SequencePoints>
              <BranchPoints />
              <MethodPoint xsi:type="SequencePoint" vc="0" uspid="180" ordinal="0" offset="0" sl="40" sc="9" el="40" ec="10" bec="0" bev="0" fileid="6" />
            </Method>
            <Method visited="true" cyclomaticComplexity="1" nPathComplexity="0" sequenceCoverage="100" branchCoverage="100" crapScore="1" isConstructor="false" isStatic="true" isGetter="false" isSetter="false">
              <Summary numSequencePoints="3" visitedSequencePoints="3" numBranchPoints="1" visitedBranchPoints="1" sequenceCoverage="100" branchCoverage="100" maxCyclomaticComplexity="1" minCyclomaticComplexity="1" maxCrapScore="1" minCrapScore="1" visitedClasses="0" numClasses="0" visitedMethods="1" numMethods="1" />
              <MetadataToken>100663312</MetadataToken>
              <Name>System.String BusinessLayer.MonitorAccessor::GetModelOnSpecifications(System.String,System.String)</Name>
              <FileRef uid="6" />
              <SequencePoints>
                <SequencePoint vc="3" uspid="183" ordinal="0" offset="0" sl="46" sc="9" el="46" ec="10" bec="0" bev="0" fileid="6">
                  <TrackedMethodRefs>
                    <TrackedMethodRef uid="5" vc="3" />
                  </TrackedMethodRefs>
                </SequencePoint>
                <SequencePoint vc="3" uspid="184" ordinal="1" offset="1" sl="47" sc="13" el="48" ec="103" bec="0" bev="0" fileid="6">
                  <TrackedMethodRefs>
                    <TrackedMethodRef uid="5" vc="3" />
                  </TrackedMethodRefs>
                </SequencePoint>
                <SequencePoint vc="3" uspid="185" ordinal="2" offset="57" sl="49" sc="9" el="49" ec="10" bec="0" bev="0" fileid="6">
                  <TrackedMethodRefs>
                    <TrackedMethodRef uid="5" vc="3" />
                  </TrackedMethodRefs>
                </SequencePoint>
              </SequencePoints>
              <BranchPoints />
[...]
                    <TrackedMethodRef uid="4" vc="4" />
                    <TrackedMethodRef uid="5" vc="3" />
                    <TrackedMethodRef uid="6" vc="3" />
                    <TrackedMethodRef uid="8" vc="1" />
                    <TrackedMethodRef uid="9" vc="1" />
                  </TrackedMethodRefs>
                </SequencePoint>
                <SequencePoint vc="14" uspid="266" ordinal="8" offset="114" sl="54" sc="9" el="54" ec="10" bec="0" bev="0" fileid="13">
                  <TrackedMethodRefs>
                    <TrackedMethodRef uid="3" vc="1" />
                    <TrackedMethodRef uid="7" vc="1" />
                    <TrackedMethodRef uid="4" vc="4" />
                    <TrackedMethodRef uid="5" vc="3" />
                    <TrackedMethodRef uid="6" vc="3" />
                    <TrackedMethodRef uid="8" vc="1" />
                    <TrackedMethodRef uid="9" vc="1" />
                  </TrackedMethodRefs>
                </SequencePoint>
              </SequencePoints>
              <BranchPoints />
              <MethodPoint xsi:type="SequencePoint" vc="14" uspid="258" ordinal="0" offset="0" sl="44" sc="9" el="44" ec="10" bec="0" bev="0" fileid="13">
                <TrackedMethodRefs>
                  <TrackedMethodRef uid="3" vc="1" />
                  <TrackedMethodRef uid="7" vc="1" />
                  <TrackedMethodRef uid="4" vc="4" />
                  <TrackedMethodRef uid="5" vc="3" />
                  <TrackedMethodRef uid="6" vc="3" />
                  <TrackedMethodRef uid="8" vc="1" />
                  <TrackedMethodRef uid="9" vc="1" />
                </TrackedMethodRefs>
              </MethodPoint>
            </Method>
            <Method visited="false" cyclomaticComplexity="1" nPathComplexity="0" sequenceCoverage="0" branchCoverage="0" crapScore="2" isConstructor="true" isStatic="false" isGetter="false" isSetter="false">
              <Summary numSequencePoints="0" visitedSequencePoints="0" numBranchPoints="0" visitedBranchPoints="0" sequenceCoverage="0" branchCoverage="0" maxCyclomaticComplexity="1" minCyclomaticComplexity="1" maxCrapScore="2" minCrapScore="2" visitedClasses="0" numClasses="0" visitedMethods="0" numMethods="0" />
              <MetadataToken>100663300</MetadataToken>
              <Name>System.Void DataLayer.DAL::.ctor()</Name>
              <SequencePoints />
              <BranchPoints />
              <MethodPoint vc="0" uspid="269" ordinal="0" offset="0" />
            </Method>
            <Method visited="true" cyclomaticComplexity="1" nPathComplexity="0" sequenceCoverage="100" branchCoverage="100" crapScore="1" isConstructor="true" isStatic="true" isGetter="false" isSetter="false">
              <Summary numSequencePoints="1" visitedSequencePoints="1" numBranchPoints="1" visitedBranchPoints="1" sequenceCoverage="100" branchCoverage="100" maxCyclomaticComplexity="1" minCyclomaticComplexity="1" maxCrapScore="1" minCrapScore="1" visitedClasses="0" numClasses="0" visitedMethods="1" numMethods="1" />
              <MetadataToken>100663301</MetadataToken>
              <Name>System.Void DataLayer.DAL::.cctor()</Name>
              <FileRef uid="13" />
              <SequencePoints>
                <SequencePoint vc="2" uspid="270" ordinal="0" offset="0" sl="15" sc="9" el="15" ec="64" bec="0" bev="0" fileid="13">
                  <TrackedMethodRefs>
                    <TrackedMethodRef uid="1" vc="1" />
                    <TrackedMethodRef uid="11" vc="1" />
                  </TrackedMethodRefs>
                </SequencePoint>
              </SequencePoints>
              <BranchPoints />
              <MethodPoint xsi:type="SequencePoint" vc="2" uspid="270" ordinal="0" offset="0" sl="15" sc="9" el="15" ec="64" bec="0" bev="0" fileid="13">
                <TrackedMethodRefs>
                  <TrackedMethodRef uid="1" vc="1" />
                  <TrackedMethodRef uid="11" vc="1" />
                </TrackedMethodRefs>
              </MethodPoint>
            </Method>
          </Methods>
        </Class>
        <Class>
          <Summary numSequencePoints="1" visitedSequencePoints="1" numBranchPoints="1" visitedBranchPoints="1" sequenceCoverage="100" branchCoverage="100" maxCyclomaticComplexity="1" minCyclomaticComplexity="1" maxCrapScore="2" minCrapScore="1" visitedClasses="1" numClasses="1" visitedMethods="1" numMethods="1" />
          <FullName>DataLayer.DAL/&lt;&gt;c</FullName>
          <Methods>
            <Method visited="false" cyclomaticComplexity="1" nPathComplexity="0" sequenceCoverage="0" branchCoverage="0" crapScore="2" isConstructor="true" isStatic="true" isGetter="false" isSetter="false">
              <Summary numSequencePoints="0" visitedSequencePoints="0" numBranchPoints="0" visitedBranchPoints="0" sequenceCoverage="0" branchCoverage="0" maxCyclomaticComplexity="1" minCyclomaticComplexity="1" maxCrapScore="2" minCrapScore="2" visitedClasses="0" numClasses="0" visitedMethods="0" numMethods="0" />
              <MetadataToken>100663302</MetadataToken>
              <Name>System.Void DataLayer.DAL/&lt;&gt;c::.cctor()</Name>
              <SequencePoints />
              <BranchPoints />
              <MethodPoint vc="0" uspid="271" ordinal="0" offset="0" />
            </Method>
            <Method visited="false" cyclomaticComplexity="1" nPathComplexity="0" sequenceCoverage="0" branchCoverage="0" crapScore="2" isConstructor="true" isStatic="false" isGetter="false" isSetter="false">
              <Summary numSequencePoints="0" visitedSequencePoints="0" numBranchPoints="0" visitedBranchPoints="0" sequenceCoverage="0" branchCoverage="0" maxCyclomaticComplexity="1" minCyclomaticComplexity="1" maxCrapScore="2" minCrapScore="2" visitedClasses="0" numClasses="0" visitedMethods="0" numMethods="0" />
              <MetadataToken>100663303</MetadataToken>
              <Name>System.Void DataLayer.DAL/&lt;&gt;c::.ctor()</Name>
              <SequencePoints />
              <BranchPoints />
              <MethodPoint vc="0" uspid="272" ordinal="0" offset="0" />
            </Method>
            <Method visited="true" cyclomaticComplexity="1" nPathComplexity="0" sequenceCoverage="100" branchCoverage="100" crapScore="1" isConstructor="false" isStatic="false" isGetter="false" isSetter="false">
              <Summary numSequencePoints="1" visitedSequencePoints="1" numBranchPoints="1" visitedBranchPoints="1" sequenceCoverage="100" branchCoverage="100" maxCyclomaticComplexity="1" minCyclomaticComplexity="1" maxCrapScore="1" minCrapScore="1" visitedClasses="0" numClasses="0" visitedMethods="1" numMethods="1" />
              <MetadataToken>100663304</MetadataToken>
              <Name>System.String DataLayer.DAL/&lt;&gt;c::&lt;Execute&gt;b__4_0(System.Data.DataRow)</Name>
              <FileRef uid="13" />
              <SequencePoints>
                <SequencePoint vc="44" uspid="273" ordinal="0" offset="0" sl="52" sc="55" el="52" ec="89" bec="0" bev="0" fileid="13">
                  <TrackedMethodRefs>
                    <TrackedMethodRef uid="3" vc="4" />
                    <TrackedMethodRef uid="7" vc="3" />
                    <TrackedMethodRef uid="4" vc="21" />
                    <TrackedMethodRef uid="5" vc="8" />
                    <TrackedMethodRef uid="6" vc="5" />
                    <TrackedMethodRef uid="8" vc="2" />
                    <TrackedMethodRef uid="9" vc="1" />
                  </TrackedMethodRefs>
                </SequencePoint>
              </SequencePoints>
              <BranchPoints />
              <MethodPoint xsi:type="SequencePoint" vc="44" uspid="273" ordinal="0" offset="0" sl="52" sc="55" el="52" ec="89" bec="0" bev="0" fileid="13">
                <TrackedMethodRefs>
                  <TrackedMethodRef uid="3" vc="4" />
                  <TrackedMethodRef uid="7" vc="3" />
                  <TrackedMethodRef uid="4" vc="21" />
                  <TrackedMethodRef uid="5" vc="8" />
                  <TrackedMethodRef uid="6" vc="5" />
                  <TrackedMethodRef uid="8" vc="2" />
                  <TrackedMethodRef uid="9" vc="1" />
                </TrackedMethodRefs>
              </MethodPoint>
            </Method>
          </Methods>
        </Class>
      </Classes>
      <TrackedMethods />
    </Module>
    <Module hash="81-FE-00-0E-94-E9-97-7D-92-09-D9-07-4F-61-9B-00-38-78-76-8A">
      <Summary numSequencePoints="19" visitedSequencePoints="19" numBranchPoints="3" visitedBranchPoints="3" sequenceCoverage="100" branchCoverage="100" maxCyclomaticComplexity="1" minCyclomaticComplexity="1" maxCrapScore="2" minCrapScore="1" visitedClasses="1" numClasses="1" visitedMethods="3" numMethods="3" />
      <ModulePath>C:\Bootcamp\ChatBot_CaseStudy\DataLayerTest\bin\Debug\DataLayerTest.dll</ModulePath>
      <ModuleTime>2019-08-19T06:44:43.4271813Z</ModuleTime>
      <ModuleName>DataLayerTest</ModuleName>
      <Files>
        <File uid="17" fullPath="C:\Bootcamp\ChatBot_CaseStudy\DataLayerTest\DataLayerTest.cs" />
      </Files>
      <Classes>
        <Class>
          <Summary numSequencePoints="19" visitedSequencePoints="19" numBranchPoints="3" visitedBranchPoints="3" sequenceCoverage="100" branchCoverage="100" maxCyclomaticComplexity="1" minCyclomaticComplexity="1" maxCrapScore="2" minCrapScore="1" visitedClasses="1" numClasses="1" visitedMethods="3" numMethods="3" />
          <FullName>DataLayerTest.DataLayerTest</FullName>
          <Methods>
            <Method visited="true" cyclomaticComplexity="1" nPathComplexity="0" sequenceCoverage="100" branchCoverage="100" crapScore="1" isConstructor="false" isStatic="false" isGetter="false" isSetter="false">
              <Summary numSequencePoints="6" visitedSequencePoints="6" numBranchPoints="1" visitedBranchPoints="1" sequenceCoverage="100" branchCoverage="100" maxCyclomaticComplexity="1" minCyclomaticComplexity="1" maxCrapScore="1" minCrapScore="1" visitedClasses="0" numClasses="0" visitedMethods="1" numMethods="1" />
              <MetadataToken>100663297</MetadataToken>
              <Name>System.Void DataLayerTest.DataLayerTest::TestSqlDataExtractor()</Name>
              <FileRef uid="17" />
              <SequencePoints>
                <SequencePoint vc="1" uspid="274" ordinal="0" offset="0" sl="19" sc="9" el="19" ec="10" bec="0" bev="0" fileid="17">
                  <TrackedMethodRefs>
                    <TrackedMethodRef uid="9" vc="1" />
                  </TrackedMethodRefs>
                </SequencePoint>
                <SequencePoint vc="1" uspid="275" ordinal="1" offset="1" sl="20" sc="13" el="20" ec="30" bec="0" bev="0" fileid="17">
                  <TrackedMethodRefs>
                    <TrackedMethodRef uid="9" vc="1" />
                  </TrackedMethodRefs>
                </SequencePoint>
                <SequencePoint vc="1" uspid="276" ordinal="2" offset="7" sl="21" sc="13" el="21" ec="45" bec="0" bev="0" fileid="17">
                  <TrackedMethodRefs>
                    <TrackedMethodRef uid="9" vc="1" />
                  </TrackedMethodRefs>
                </SequencePoint>
                <SequencePoint vc="1" uspid="277" ordinal="3" offset="13" sl="22" sc="13" el="22" ec="79" bec="0" bev="0" fileid="17">
                  <TrackedMethodRefs>
                    <TrackedMethodRef uid="9" vc="1" />
                  </TrackedMethodRefs>
                </SequencePoint>
                <SequencePoint vc="1" uspid="278" ordinal="4" offset="19" sl="23" sc="13" el="23" ec="66" bec="0" bev="0" fileid="17">
                  <TrackedMethodRefs>
                    <TrackedMethodRef uid="9" vc="1" />
                  </TrackedMethodRefs>
                </SequencePoint>
                <SequencePoint vc="1" uspid="279" ordinal="5" offset="33" sl="24" sc="9" el="24" ec="10" bec="0" bev="0" fileid="17">
                  <TrackedMethodRefs>
                    <TrackedMethodRef uid="9" vc="1" />
                  </TrackedMethodRefs>
                </SequencePoint>
              </SequencePoints>
              <BranchPoints />
              <MethodPoint xsi:type="SequencePoint" vc="1" uspid="274" ordinal="0" offset="0" sl="19" sc="9" el="19" ec="10" bec="0" bev="0" fileid="17">
                <TrackedMethodRefs>
                  <TrackedMethodRef uid="9" vc="1" />
                </TrackedMethodRefs>
              </MethodPoint>
            </Method>
            <Method visited="true" cyclomaticComplexity="1" nPathComplexity="0" sequenceCoverage="100" branchCoverage="100" crapScore="1" isConstructor="false" isStatic="false" isGetter="false" isSetter="false">
              <Summary numSequencePoints="6" visitedSequencePoints="6" numBranchPoints="1" visitedBranchPoints="1" sequenceCoverage="100" branchCoverage="100" maxCyclomaticComplexity="1" minCyclomaticComplexity="1" maxCrapScore="1" minCrapScore="1" visitedClasses="0" numClasses="0" visitedMethods="1" numMethods="1" />
              <MetadataToken>100663298</MetadataToken>
              <Name>System.Void DataLayerTest.DataLayerTest::TestSqlConnection()</Name>
              <FileRef uid="17" />
              <SequencePoints>
                <SequencePoint vc="1" uspid="280" ordinal="0" offset="0" sl="28" sc="9" el="28" ec="10" bec="0" bev="0" fileid="17">
                  <TrackedMethodRefs>
                    <TrackedMethodRef uid="10" vc="1" />
                  </TrackedMethodRefs>
                </SequencePoint>
                <SequencePoint vc="1" uspid="281" ordinal="1" offset="1" sl="29" sc="14" el="29" ec="31" bec="0" bev="0" fileid="17">
                  <TrackedMethodRefs>
                    <TrackedMethodRef uid="10" vc="1" />
                  </TrackedMethodRefs>
                </SequencePoint>
                <SequencePoint vc="1" uspid="282" ordinal="2" offset="7" sl="30" sc="14" el="30" ec="88" bec="0" bev="0" fileid="17">
                  <TrackedMethodRefs>
                    <TrackedMethodRef uid="10" vc="1" />
                  </TrackedMethodRefs>
                </SequencePoint>
                <SequencePoint vc="1" uspid="283" ordinal="3" offset="23" sl="31" sc="14" el="31" ec="53" bec="0" bev="0" fileid="17">
                  <TrackedMethodRefs>
                    <TrackedMethodRef uid="10" vc="1" />
                  </TrackedMethodRefs>
                </SequencePoint>
                <SequencePoint vc="1" uspid="284" ordinal="4" offset="30" sl="32" sc="14" el="32" ec="53" bec="0" bev="0" fileid="17">
                  <TrackedMethodRefs>
                    <TrackedMethodRef uid="10" vc="1" />
                  </TrackedMethodRefs>
                </SequencePoint>
                <SequencePoint vc="1" uspid="285" ordinal="5" offset="38" sl="33" sc="9" el="33" ec="10" bec="0" bev="0" fileid="17">
                  <TrackedMethodRefs>
                    <TrackedMethodRef uid="10" vc="1" />
                  </TrackedMethodRefs>
                </SequencePoint>
              </SequencePoints>
              <BranchPoints />
              <MethodPoint xsi:type="SequencePoint" vc="1" uspid="280" ordinal="0" offset="0" sl="28" sc="9" el="28" ec="10" bec="0" bev="0" fileid="17">
                <TrackedMethodRefs>
                  <TrackedMethodRef uid="10" vc="1" />
                </TrackedMethodRefs>
              </MethodPoint>
            </Method>
            <Method visited="true" cyclomaticComplexity="1" nPathComplexity="0" sequenceCoverage="100" branchCoverage="100" crapScore="1" isConstructor="false" isStatic="false" isGetter="false" isSetter="false">
              <Summary numSequencePoints="7" visitedSequencePoints="7" numBranchPoints="1" visitedBranchPoints="1" sequenceCoverage="100" branchCoverage="100" maxCyclomaticComplexity="1" minCyclomaticComplexity="1" maxCrapScore="1" minCrapScore="1" visitedClasses="0" numClasses="0" visitedMethods="1" numMethods="1" />
              <MetadataToken>100663299</MetadataToken>
              <Name>System.Void DataLayerTest.DataLayerTest::TestSqlCommand()</Name>
              <FileRef uid="17" />
              <SequencePoints>
                <SequencePoint vc="1" uspid="286" ordinal="0" offset="0" sl="37" sc="9" el="37" ec="10" bec="0" bev="0" fileid="17">
                  <TrackedMethodRefs>
                    <TrackedMethodRef uid="11" vc="1" />
                  </TrackedMethodRefs>
                </SequencePoint>
                <SequencePoint vc="1" uspid="287" ordinal="1" offset="1" sl="38" sc="13" el="38" ec="55" bec="0" bev="0" fileid="17">
                  <TrackedMethodRefs>
                    <TrackedMethodRef uid="11" vc="1" />
                  </TrackedMethodRefs>
                </SequencePoint>
                <SequencePoint vc="1" uspid="288" ordinal="2" offset="7" sl="39" sc="13" el="39" ec="32" bec="0" bev="0" fileid="17">
                  <TrackedMethodRefs>
                    <TrackedMethodRef uid="11" vc="1" />
                  </TrackedMethodRefs>
                </SequencePoint>
                <SequencePoint vc="1" uspid="289" ordinal="3" offset="13" sl="40" sc="13" el="40" ec="58" bec="0" bev="0" fileid="17">
                  <TrackedMethodRefs>
                    <TrackedMethodRef uid="11" vc="1" />
                  </TrackedMethodRefs>
                </SequencePoint>
                <SequencePoint vc="1" uspid="290" ordinal="4" offset="21" sl="41" sc="13" el="41" ec="40" bec="0" bev="0" fileid="17">
                  <TrackedMethodRefs>
                    <TrackedMethodRef uid="11" vc="1" />
                  </TrackedMethodRefs>
                </SequencePoint>
                <SequencePoint vc="1" uspid="291" ordinal="5" offset="28" sl="42" sc="13" el="42" ec="60" bec="0" bev="0" fileid="17">
                  <TrackedMethodRefs>
                    <TrackedMethodRef uid="11" vc="1" />
                  </TrackedMethodRefs>
                </SequencePoint>
                <SequencePoint vc="1" uspid="292" ordinal="6" offset="41" sl="43" sc="9" el="43" ec="10" bec="0" bev="0" fileid="17">
                  <TrackedMethodRefs>
                    <TrackedMethodRef uid="11" vc="1" />
                  </TrackedMethodRefs>
                </SequencePoint>
              </SequencePoints>
              <BranchPoints />
              <MethodPoint xsi:type="SequencePoint" vc="1" uspid="286" ordinal="0" offset="0" sl="37" sc="9" el="37" ec="10" bec="0" bev="0" fileid="17">
                <TrackedMethodRefs>
                  <TrackedMethodRef uid="11" vc="1" />
                </TrackedMethodRefs>
              </MethodPoint>
            </Method>
            <Method visited="false" cyclomaticComplexity="1" nPathComplexity="0" sequenceCoverage="0" branchCoverage="0" crapScore="2" isConstructor="true" isStatic="false" isGetter="false" isSetter="false">
              <Summary numSequencePoints="0" visitedSequencePoints="0" numBranchPoints="0" visitedBranchPoints="0" sequenceCoverage="0" branchCoverage="0" maxCyclomaticComplexity="1" minCyclomaticComplexity="1" maxCrapScore="2" minCrapScore="2" visitedClasses="0" numClasses="0" visitedMethods="0" numMethods="0" />
              <MetadataToken>100663300</MetadataToken>
              <Name>System.Void DataLayerTest.DataLayerTest::.ctor()</Name>
              <SequencePoints />
              <BranchPoints />
              <MethodPoint vc="0" uspid="293" ordinal="0" offset="0" />
            </Method>
          </Methods>
        </Class>
      </Classes>
      <TrackedMethods>
        <TrackedMethod uid="9" token="100663297" name="System.Void DataLayerTest.DataLayerTest::TestSqlDataExtractor()" strategy="NUnitTest" />
        <TrackedMethod uid="10" token="100663298" name="System.Void DataLayerTest.DataLayerTest::TestSqlConnection()" strategy="NUnitTest" />
        <TrackedMethod uid="11" token="100663299" name="System.Void DataLayerTest.DataLayerTest::TestSqlCommand()" strategy="NUnitTest" />
      </TrackedMethods>
    </Module>
  </Modules>
</CoverageSession>